#
# There is insufficient memory for the Java Runtime Environment to continue.
# Native memory allocation (malloc) failed to allocate 32744 bytes for ChunkPool::allocate
# Possible reasons:
#   The system is out of physical RAM or swap space
#   In 32 bit mode, the process size limit was hit
# Possible solutions:
#   Reduce memory load on the system
#   Increase physical memory or swap space
#   Check if swap backing store is full
#   Use 64 bit Java on a 64 bit OS
#   Decrease Java heap size (-Xmx/-Xms)
#   Decrease number of Java threads
#   Decrease Java thread stack sizes (-Xss)
#   Set larger code cache with -XX:ReservedCodeCacheSize=
# This output file may be truncated or incomplete.
#
#  Out of Memory Error (allocation.cpp:273), pid=14960, tid=0x0000000000003bc8
#
# JRE version: Java(TM) SE Runtime Environment (8.0_191-b12) (build 1.8.0_191-b12)
# Java VM: Java HotSpot(TM) 64-Bit Server VM (25.191-b12 mixed mode windows-amd64 compressed oops)
# Failed to write core dump. Minidumps are not enabled by default on client versions of Windows
#

---------------  T H R E A D  ---------------

Current thread (0x0000000019aa6800):  JavaThread "C2 CompilerThread2" daemon [_thread_in_vm, id=15304, stack(0x000000001a570000,0x000000001a670000)]

Stack: [0x000000001a570000,0x000000001a670000]
[error occurred during error reporting (printing stack bounds), id 0xc0000005]

Native frames: (J=compiled Java code, j=interpreted, Vv=VM code, C=native code)


Current CompileTask:
C2:  18149 5991       4       java.lang.Long::getChars (221 bytes)


---------------  P R O C E S S  ---------------

Java Threads: ( => current thread )
  0x000000001ada0800 JavaThread "Thread-6" [_thread_in_native, id=10024, stack(0x0000000022870000,0x0000000022970000)]
  0x000000001b53e000 JavaThread "Thread-5" [_thread_in_native, id=14532, stack(0x0000000022770000,0x0000000022870000)]
  0x000000001b543000 JavaThread "Thread-4" [_thread_blocked, id=4828, stack(0x0000000022670000,0x0000000022770000)]
  0x000000001b544800 JavaThread "ThreadedStreamConsumer" daemon [_thread_in_vm, id=7196, stack(0x0000000022570000,0x0000000022670000)]
  0x000000001b542800 JavaThread "ping-timer-10s" daemon [_thread_blocked, id=16184, stack(0x0000000022470000,0x0000000022570000)]
  0x000000001b541800 JavaThread "timeout-check-timer" daemon [_thread_blocked, id=5580, stack(0x0000000022370000,0x0000000022470000)]
  0x000000001b541000 JavaThread "resolver-5" daemon [_thread_blocked, id=16600, stack(0x0000000022270000,0x0000000022370000)]
  0x000000001b540000 JavaThread "resolver-4" daemon [_thread_blocked, id=660, stack(0x0000000022170000,0x0000000022270000)]
  0x000000001f497800 JavaThread "resolver-3" daemon [_thread_blocked, id=4392, stack(0x0000000022070000,0x0000000022170000)]
  0x00000000217b0800 JavaThread "resolver-2" daemon [_thread_blocked, id=10744, stack(0x0000000020f30000,0x0000000021030000)]
  0x000000001b763800 JavaThread "resolver-1" daemon [_thread_blocked, id=10020, stack(0x0000000020e30000,0x0000000020f30000)]
  0x000000001bbf2000 JavaThread "JMX server connection timeout 16" daemon [_thread_blocked, id=8704, stack(0x000000001e250000,0x000000001e350000)]
  0x000000001d1e2000 JavaThread "RMI Scheduler(0)" daemon [_thread_blocked, id=1560, stack(0x000000001e150000,0x000000001e250000)]
  0x000000001c2de800 JavaThread "RMI TCP Connection(1)-192.168.56.1" daemon [_thread_in_native, id=1568, stack(0x000000001e050000,0x000000001e150000)]
  0x000000001c2df800 JavaThread "RMI TCP Accept-0" daemon [_thread_in_native, id=9224, stack(0x000000001de50000,0x000000001df50000)]
  0x0000000019b11000 JavaThread "Service Thread" daemon [_thread_blocked, id=17844, stack(0x000000001a770000,0x000000001a870000)]
  0x0000000019abc800 JavaThread "C1 CompilerThread3" daemon [_thread_blocked, id=16948, stack(0x000000001a670000,0x000000001a770000)]
=>0x0000000019aa6800 JavaThread "C2 CompilerThread2" daemon [_thread_in_vm, id=15304, stack(0x000000001a570000,0x000000001a670000)]
  0x0000000019aa1000 JavaThread "C2 CompilerThread1" daemon [_thread_in_native, id=10308, stack(0x000000001a470000,0x000000001a570000)]
  0x0000000019a9c800 JavaThread "C2 CompilerThread0" daemon [_thread_blocked, id=14352, stack(0x000000001a370000,0x000000001a470000)]
  0x0000000019a9b000 JavaThread "Attach Listener" daemon [_thread_blocked, id=2748, stack(0x000000001a270000,0x000000001a370000)]
  0x0000000019a9a800 JavaThread "Signal Dispatcher" daemon [_thread_blocked, id=848, stack(0x000000001a170000,0x000000001a270000)]
  0x0000000019a91000 JavaThread "Finalizer" daemon [_thread_blocked, id=6428, stack(0x0000000019f70000,0x000000001a070000)]
  0x0000000019a90800 JavaThread "Reference Handler" daemon [_thread_blocked, id=3800, stack(0x0000000019e70000,0x0000000019f70000)]
  0x0000000002bee800 JavaThread "main" [_thread_in_native, id=9344, stack(0x00000000029f0000,0x0000000002af0000)]

Other Threads:
  0x0000000017c9a000 VMThread [stack: 0x0000000019970000,0x0000000019a70000] [id=2072]
  0x0000000019b12000 WatcherThread [stack: 0x000000001a870000,0x000000001a970000] [id=17072]

VM state:not at safepoint (normal execution)

VM Mutex/Monitor currently owned by a thread: None

Heap:
 PSYoungGen      total 211456K, used 160059K [0x00000000d5d00000, 0x00000000e7b00000, 0x0000000100000000)
  eden space 197632K, 73% used [0x00000000d5d00000,0x00000000debd0048,0x00000000e1e00000)
  from space 13824K, 99% used [0x00000000e6d80000,0x00000000e7afece0,0x00000000e7b00000)
  to   space 18944K, 0% used [0x00000000e5600000,0x00000000e5600000,0x00000000e6880000)
 ParOldGen       total 79360K, used 30108K [0x0000000081600000, 0x0000000086380000, 0x00000000d5d00000)
  object space 79360K, 37% used [0x0000000081600000,0x00000000833671b0,0x0000000086380000)
 Metaspace       used 29104K, capacity 29840K, committed 30080K, reserved 1075200K
  class space    used 3343K, capacity 3589K, committed 3712K, reserved 1048576K

Card table byte_map: [0x00000000120b0000,0x00000000124b0000] byte_map_base: 0x0000000011ca5000

Marking Bits: (ParMarkBitMap*) 0x000000006f6f3e30
 Begin Bits: [0x0000000012f60000, 0x0000000014f08000)
 End Bits:   [0x0000000014f08000, 0x0000000016eb0000)

Polling page: 0x0000000001060000

CodeCache: size=245760Kb used=17877Kb max_used=18851Kb free=227882Kb
 bounds [0x0000000002cf0000, 0x0000000003f90000, 0x0000000011cf0000]
 total_blobs=5424 nmethods=4967 adapters=369
 compilation: enabled

Compilation events (10 events):
Event: 18.140 Thread 0x0000000019abc800 nmethod 5983 0x0000000003b69a90 code [0x0000000003b69c00, 0x0000000003b69e48]
Event: 18.141 Thread 0x0000000019abc800 5985       3       sun.nio.cs.StreamEncoder::implWrite (156 bytes)
Event: 18.142 Thread 0x0000000019abc800 nmethod 5985 0x0000000003bd6a90 code [0x0000000003bd6d00, 0x0000000003bd7ba8]
Event: 18.142 Thread 0x0000000019abc800 5984   !   3       sun.nio.cs.StreamEncoder::write (78 bytes)
Event: 18.143 Thread 0x0000000019abc800 nmethod 5984 0x0000000002e2f350 code [0x0000000002e2f520, 0x0000000002e2fc48]
Event: 18.143 Thread 0x0000000019abc800 5986       3       java.util.Calendar::internalGet (7 bytes)
Event: 18.143 Thread 0x0000000019abc800 nmethod 5986 0x0000000003c1ca90 code [0x0000000003c1cbe0, 0x0000000003c1cd50]
Event: 18.143 Thread 0x0000000019abc800 5987       3       sun.nio.cs.UTF_8$Encoder::encodeArrayLoop (489 bytes)
Event: 18.147 Thread 0x0000000019aa1000 5990       4       java.lang.Long::stringSize (38 bytes)
Event: 18.147 Thread 0x0000000019aa6800 5991       4       java.lang.Long::getChars (221 bytes)

GC Heap History (10 events):
Event: 3.935 GC heap before
{Heap before GC invocations=5 (full 0):
 PSYoungGen      total 71680K, used 71660K [0x00000000d5d00000, 0x00000000da800000, 0x0000000100000000)
  eden space 66560K, 100% used [0x00000000d5d00000,0x00000000d9e00000,0x00000000d9e00000)
  from space 5120K, 99% used [0x00000000da300000,0x00000000da7fb318,0x00000000da800000)
  to   space 5120K, 0% used [0x00000000d9e00000,0x00000000d9e00000,0x00000000da300000)
 ParOldGen       total 87552K, used 9803K [0x0000000081600000, 0x0000000086b80000, 0x00000000d5d00000)
  object space 87552K, 11% used [0x0000000081600000,0x0000000081f92cb0,0x0000000086b80000)
 Metaspace       used 18682K, capacity 19068K, committed 19328K, reserved 1067008K
  class space    used 2237K, capacity 2386K, committed 2432K, reserved 1048576K
Event: 3.947 GC heap after
Heap after GC invocations=5 (full 0):
 PSYoungGen      total 71680K, used 5104K [0x00000000d5d00000, 0x00000000dfa00000, 0x0000000100000000)
  eden space 66560K, 0% used [0x00000000d5d00000,0x00000000d5d00000,0x00000000d9e00000)
  from space 5120K, 99% used [0x00000000d9e00000,0x00000000da2fc010,0x00000000da300000)
  to   space 13824K, 0% used [0x00000000dec80000,0x00000000dec80000,0x00000000dfa00000)
 ParOldGen       total 87552K, used 16988K [0x0000000081600000, 0x0000000086b80000, 0x00000000d5d00000)
  object space 87552K, 19% used [0x0000000081600000,0x00000000826970c8,0x0000000086b80000)
 Metaspace       used 18682K, capacity 19068K, committed 19328K, reserved 1067008K
  class space    used 2237K, capacity 2386K, committed 2432K, reserved 1048576K
}
Event: 5.594 GC heap before
{Heap before GC invocations=6 (full 0):
 PSYoungGen      total 71680K, used 71664K [0x00000000d5d00000, 0x00000000dfa00000, 0x0000000100000000)
  eden space 66560K, 100% used [0x00000000d5d00000,0x00000000d9e00000,0x00000000d9e00000)
  from space 5120K, 99% used [0x00000000d9e00000,0x00000000da2fc010,0x00000000da300000)
  to   space 13824K, 0% used [0x00000000dec80000,0x00000000dec80000,0x00000000dfa00000)
 ParOldGen       total 87552K, used 16988K [0x0000000081600000, 0x0000000086b80000, 0x00000000d5d00000)
  object space 87552K, 19% used [0x0000000081600000,0x00000000826970c8,0x0000000086b80000)
 Metaspace       used 20388K, capacity 20936K, committed 21120K, reserved 1067008K
  class space    used 2432K, capacity 2608K, committed 2688K, reserved 1048576K
Event: 5.607 GC heap after
Heap after GC invocations=6 (full 0):
 PSYoungGen      total 146432K, used 11379K [0x00000000d5d00000, 0x00000000dfb00000, 0x0000000100000000)
  eden space 132608K, 0% used [0x00000000d5d00000,0x00000000d5d00000,0x00000000dde80000)
  from space 13824K, 82% used [0x00000000dec80000,0x00000000df79cd80,0x00000000dfa00000)
  to   space 14336K, 0% used [0x00000000dde80000,0x00000000dde80000,0x00000000dec80000)
 ParOldGen       total 87552K, used 16996K [0x0000000081600000, 0x0000000086b80000, 0x00000000d5d00000)
  object space 87552K, 19% used [0x0000000081600000,0x00000000826990c8,0x0000000086b80000)
 Metaspace       used 20388K, capacity 20936K, committed 21120K, reserved 1067008K
  class space    used 2432K, capacity 2608K, committed 2688K, reserved 1048576K
}
Event: 5.864 GC heap before
{Heap before GC invocations=7 (full 0):
 PSYoungGen      total 146432K, used 21752K [0x00000000d5d00000, 0x00000000dfb00000, 0x0000000100000000)
  eden space 132608K, 7% used [0x00000000d5d00000,0x00000000d6721628,0x00000000dde80000)
  from space 13824K, 82% used [0x00000000dec80000,0x00000000df79cd80,0x00000000dfa00000)
  to   space 14336K, 0% used [0x00000000dde80000,0x00000000dde80000,0x00000000dec80000)
 ParOldGen       total 87552K, used 16996K [0x0000000081600000, 0x0000000086b80000, 0x00000000d5d00000)
  object space 87552K, 19% used [0x0000000081600000,0x00000000826990c8,0x0000000086b80000)
 Metaspace       used 20639K, capacity 21172K, committed 21296K, reserved 1069056K
  class space    used 2447K, capacity 2648K, committed 2688K, reserved 1048576K
Event: 5.877 GC heap after
Heap after GC invocations=7 (full 0):
 PSYoungGen      total 146944K, used 9320K [0x00000000d5d00000, 0x00000000e7b00000, 0x0000000100000000)
  eden space 132608K, 0% used [0x00000000d5d00000,0x00000000d5d00000,0x00000000dde80000)
  from space 14336K, 65% used [0x00000000dde80000,0x00000000de79a140,0x00000000dec80000)
  to   space 13824K, 0% used [0x00000000e6d80000,0x00000000e6d80000,0x00000000e7b00000)
 ParOldGen       total 87552K, used 18750K [0x0000000081600000, 0x0000000086b80000, 0x00000000d5d00000)
  object space 87552K, 21% used [0x0000000081600000,0x000000008284f958,0x0000000086b80000)
 Metaspace       used 20639K, capacity 21172K, committed 21296K, reserved 1069056K
  class space    used 2447K, capacity 2648K, committed 2688K, reserved 1048576K
}
Event: 5.877 GC heap before
{Heap before GC invocations=8 (full 1):
 PSYoungGen      total 146944K, used 9320K [0x00000000d5d00000, 0x00000000e7b00000, 0x0000000100000000)
  eden space 132608K, 0% used [0x00000000d5d00000,0x00000000d5d00000,0x00000000dde80000)
  from space 14336K, 65% used [0x00000000dde80000,0x00000000de79a140,0x00000000dec80000)
  to   space 13824K, 0% used [0x00000000e6d80000,0x00000000e6d80000,0x00000000e7b00000)
 ParOldGen       total 87552K, used 18750K [0x0000000081600000, 0x0000000086b80000, 0x00000000d5d00000)
  object space 87552K, 21% used [0x0000000081600000,0x000000008284f958,0x0000000086b80000)
 Metaspace       used 20639K, capacity 21172K, committed 21296K, reserved 1069056K
  class space    used 2447K, capacity 2648K, committed 2688K, reserved 1048576K
Event: 5.984 GC heap after
Heap after GC invocations=8 (full 1):
 PSYoungGen      total 146944K, used 0K [0x00000000d5d00000, 0x00000000e7b00000, 0x0000000100000000)
  eden space 132608K, 0% used [0x00000000d5d00000,0x00000000d5d00000,0x00000000dde80000)
  from space 14336K, 0% used [0x00000000dde80000,0x00000000dde80000,0x00000000dec80000)
  to   space 13824K, 0% used [0x00000000e6d80000,0x00000000e6d80000,0x00000000e7b00000)
 ParOldGen       total 79360K, used 21741K [0x0000000081600000, 0x0000000086380000, 0x00000000d5d00000)
  object space 79360K, 27% used [0x0000000081600000,0x0000000082b3b748,0x0000000086380000)
 Metaspace       used 20639K, capacity 21172K, committed 21296K, reserved 1069056K
  class space    used 2447K, capacity 2648K, committed 2688K, reserved 1048576K
}
Event: 8.666 GC heap before
{Heap before GC invocations=9 (full 1):
 PSYoungGen      total 146944K, used 132608K [0x00000000d5d00000, 0x00000000e7b00000, 0x0000000100000000)
  eden space 132608K, 100% used [0x00000000d5d00000,0x00000000dde80000,0x00000000dde80000)
  from space 14336K, 0% used [0x00000000dde80000,0x00000000dde80000,0x00000000dec80000)
  to   space 13824K, 0% used [0x00000000e6d80000,0x00000000e6d80000,0x00000000e7b00000)
 ParOldGen       total 79360K, used 21741K [0x0000000081600000, 0x0000000086380000, 0x00000000d5d00000)
  object space 79360K, 27% used [0x0000000081600000,0x0000000082b3b748,0x0000000086380000)
 Metaspace       used 27134K, capacity 27756K, committed 28032K, reserved 1073152K
  class space    used 3174K, capacity 3392K, committed 3456K, reserved 1048576K
Event: 8.697 GC heap after
Heap after GC invocations=9 (full 1):
 PSYoungGen      total 211456K, used 13819K [0x00000000d5d00000, 0x00000000e7b00000, 0x0000000100000000)
  eden space 197632K, 0% used [0x00000000d5d00000,0x00000000d5d00000,0x00000000e1e00000)
  from space 13824K, 99% used [0x00000000e6d80000,0x00000000e7afece0,0x00000000e7b00000)
  to   space 18944K, 0% used [0x00000000e5600000,0x00000000e5600000,0x00000000e6880000)
 ParOldGen       total 79360K, used 30108K [0x0000000081600000, 0x0000000086380000, 0x00000000d5d00000)
  object space 79360K, 37% used [0x0000000081600000,0x00000000833671b0,0x0000000086380000)
 Metaspace       used 27134K, capacity 27756K, committed 28032K, reserved 1073152K
  class space    used 3174K, capacity 3392K, committed 3456K, reserved 1048576K
}

Deoptimization events (10 events):
Event: 10.560 Thread 0x0000000002bee800 Uncommon trap: reason=class_check action=maybe_recompile pc=0x0000000003516580 method=java.util.Collections$UnmodifiableMap$UnmodifiableEntrySet$UnmodifiableEntry.getValue()Ljava/lang/Object; @ 4
Event: 10.560 Thread 0x0000000002bee800 Uncommon trap: reason=class_check action=maybe_recompile pc=0x0000000003500e0c method=java.util.Collections$UnmodifiableMap$UnmodifiableEntrySet$1.hasNext()Z @ 4
Event: 10.560 Thread 0x0000000002bee800 Uncommon trap: reason=class_check action=maybe_recompile pc=0x0000000003514bd0 method=java.util.Collections$UnmodifiableMap$UnmodifiableEntrySet$1.next()Ljava/util/Map$Entry; @ 8
Event: 10.560 Thread 0x0000000002bee800 Uncommon trap: reason=class_check action=maybe_recompile pc=0x0000000003513340 method=java.util.Collections$UnmodifiableMap$UnmodifiableEntrySet$UnmodifiableEntry.getKey()Ljava/lang/Object; @ 4
Event: 10.560 Thread 0x0000000002bee800 Uncommon trap: reason=class_check action=maybe_recompile pc=0x0000000003516580 method=java.util.Collections$UnmodifiableMap$UnmodifiableEntrySet$UnmodifiableEntry.getValue()Ljava/lang/Object; @ 4
Event: 10.560 Thread 0x0000000002bee800 Uncommon trap: reason=class_check action=maybe_recompile pc=0x0000000003500e0c method=java.util.Collections$UnmodifiableMap$UnmodifiableEntrySet$1.hasNext()Z @ 4
Event: 10.560 Thread 0x0000000002bee800 Uncommon trap: reason=class_check action=maybe_recompile pc=0x0000000003514bd0 method=java.util.Collections$UnmodifiableMap$UnmodifiableEntrySet$1.next()Ljava/util/Map$Entry; @ 8
Event: 10.560 Thread 0x0000000002bee800 Uncommon trap: reason=class_check action=maybe_recompile pc=0x0000000003513340 method=java.util.Collections$UnmodifiableMap$UnmodifiableEntrySet$UnmodifiableEntry.getKey()Ljava/lang/Object; @ 4
Event: 10.560 Thread 0x0000000002bee800 Uncommon trap: reason=class_check action=maybe_recompile pc=0x0000000003516580 method=java.util.Collections$UnmodifiableMap$UnmodifiableEntrySet$UnmodifiableEntry.getValue()Ljava/lang/Object; @ 4
Event: 11.396 Thread 0x000000001b53e000 Uncommon trap: reason=unstable_if action=reinterpret pc=0x0000000003854654 method=java.io.BufferedReader.readLine(Z)Ljava/lang/String; @ 265

Classes redefined (0 events):
No events

Internal exceptions (10 events):
Event: 14.359 Thread 0x000000001c2de800 Exception <a 'java/lang/ClassNotFoundException': org/springframework/context/support/LiveBeansView> (0x00000000deb58968) thrown at [C:\re\workspace\8-2-build-windows-amd64-cygwin\jdk8u191\11896\hotspot\src\share\vm\classfile\systemDictionary.cpp, line 210
Event: 14.362 Thread 0x000000001c2de800 Exception <a 'java/lang/ClassNotFoundException': org/springframework/boot/actuate/endpoint/jmx/EndpointMBean> (0x00000000deb7bec8) thrown at [C:\re\workspace\8-2-build-windows-amd64-cygwin\jdk8u191\11896\hotspot\src\share\vm\classfile\systemDictionary.cpp
Event: 14.365 Thread 0x000000001c2de800 Exception <a 'java/lang/ClassNotFoundException': org/springframework/boot/actuate/endpoint/jmx/DataEndpointMBean> (0x00000000deb9cd60) thrown at [C:\re\workspace\8-2-build-windows-amd64-cygwin\jdk8u191\11896\hotspot\src\share\vm\classfile\systemDictionary
Event: 14.368 Thread 0x000000001c2de800 Exception <a 'java/lang/ClassNotFoundException': org/springframework/context/support/LiveBeansView> (0x00000000debbdbe0) thrown at [C:\re\workspace\8-2-build-windows-amd64-cygwin\jdk8u191\11896\hotspot\src\share\vm\classfile\systemDictionary.cpp, line 210
Event: 14.368 Thread 0x000000001c2de800 Exception <a 'java/lang/ClassNotFoundException': org/springframework/boot/actuate/endpoint/jmx/EndpointMBean> (0x00000000debbdf48) thrown at [C:\re\workspace\8-2-build-windows-amd64-cygwin\jdk8u191\11896\hotspot\src\share\vm\classfile\systemDictionary.cpp
Event: 14.369 Thread 0x000000001c2de800 Exception <a 'java/lang/ClassNotFoundException': org/springframework/boot/actuate/endpoint/jmx/DataEndpointMBean> (0x00000000debbe4a0) thrown at [C:\re\workspace\8-2-build-windows-amd64-cygwin\jdk8u191\11896\hotspot\src\share\vm\classfile\systemDictionary
Event: 14.369 Thread 0x000000001c2de800 Exception <a 'java/lang/ClassNotFoundException': org/springframework/context/support/LiveBeansView> (0x00000000debbe9e0) thrown at [C:\re\workspace\8-2-build-windows-amd64-cygwin\jdk8u191\11896\hotspot\src\share\vm\classfile\systemDictionary.cpp, line 210
Event: 14.369 Thread 0x000000001c2de800 Exception <a 'java/lang/ClassNotFoundException': org/springframework/boot/actuate/endpoint/jmx/EndpointMBean> (0x00000000debbed38) thrown at [C:\re\workspace\8-2-build-windows-amd64-cygwin\jdk8u191\11896\hotspot\src\share\vm\classfile\systemDictionary.cpp
Event: 14.369 Thread 0x000000001c2de800 Exception <a 'java/lang/ClassNotFoundException': org/springframework/boot/actuate/endpoint/jmx/DataEndpointMBean> (0x00000000debbf280) thrown at [C:\re\workspace\8-2-build-windows-amd64-cygwin\jdk8u191\11896\hotspot\src\share\vm\classfile\systemDictionary
Event: 14.369 Thread 0x000000001c2de800 Exception <a 'java/lang/ClassNotFoundException': org/springframework/context/support/LiveBeansView> (0x00000000debbf7b0) thrown at [C:\re\workspace\8-2-build-windows-amd64-cygwin\jdk8u191\11896\hotspot\src\share\vm\classfile\systemDictionary.cpp, line 210

Events (10 events):
Event: 18.136 loading class org/apache/maven/plugin/surefire/booterclient/output/InPluginProcessDumpSingleton
Event: 18.136 loading class org/apache/maven/plugin/surefire/booterclient/output/InPluginProcessDumpSingleton done
Event: 18.136 loading class org/apache/maven/plugin/surefire/booterclient/output/InPluginProcessDumpSingleton
Event: 18.136 loading class org/apache/maven/plugin/surefire/booterclient/output/InPluginProcessDumpSingleton done
Event: 18.136 loading class org/apache/maven/plugin/surefire/booterclient/output/InPluginProcessDumpSingleton
Event: 18.136 loading class org/apache/maven/plugin/surefire/booterclient/output/InPluginProcessDumpSingleton done
Event: 18.139 loading class java/lang/Throwable$WrappedPrintWriter
Event: 18.139 loading class java/lang/Throwable$PrintStreamOrWriter
Event: 18.139 loading class java/lang/Throwable$PrintStreamOrWriter done
Event: 18.139 loading class java/lang/Throwable$WrappedPrintWriter done


Dynamic libraries:
0x00007ff7d0b10000 - 0x00007ff7d0b47000 	C:\Program Files\Java\jdk1.8.0_191\bin\javaw.exe
0x00007fff73450000 - 0x00007fff7363d000 	C:\WINDOWS\SYSTEM32\ntdll.dll
0x00007fff39210000 - 0x00007fff39222000 	C:\Program Files\AVAST Software\Avast\aswhook.dll
0x00007fff71e00000 - 0x00007fff71eb3000 	C:\WINDOWS\System32\KERNEL32.DLL
0x00007fff6f9b0000 - 0x00007fff6fc43000 	C:\WINDOWS\System32\KERNELBASE.dll
0x00007fff722d0000 - 0x00007fff72373000 	C:\WINDOWS\System32\ADVAPI32.dll
0x00007fff72070000 - 0x00007fff7210e000 	C:\WINDOWS\System32\msvcrt.dll
0x00007fff71d60000 - 0x00007fff71dfe000 	C:\WINDOWS\System32\sechost.dll
0x00007fff726a0000 - 0x00007fff727c2000 	C:\WINDOWS\System32\RPCRT4.dll
0x00007fff71ec0000 - 0x00007fff72057000 	C:\WINDOWS\System32\USER32.dll
0x00007fff6f930000 - 0x00007fff6f950000 	C:\WINDOWS\System32\win32u.dll
0x00007fff72590000 - 0x00007fff725b9000 	C:\WINDOWS\System32\GDI32.dll
0x00007fff70410000 - 0x00007fff705aa000 	C:\WINDOWS\System32\gdi32full.dll
0x00007fff705b0000 - 0x00007fff70650000 	C:\WINDOWS\System32\msvcp_win.dll
0x00007fff6f650000 - 0x00007fff6f74a000 	C:\WINDOWS\System32\ucrtbase.dll
0x00007fff64110000 - 0x00007fff64389000 	C:\WINDOWS\WinSxS\amd64_microsoft.windows.common-controls_6595b64144ccf1df_6.0.17763.557_none_05b63f68071e5b9f\COMCTL32.dll
0x00007fff72d80000 - 0x00007fff730ac000 	C:\WINDOWS\System32\combase.dll
0x00007fff6f5d0000 - 0x00007fff6f64e000 	C:\WINDOWS\System32\bcryptPrimitives.dll
0x00007fff730b0000 - 0x00007fff730de000 	C:\WINDOWS\System32\IMM32.DLL
0x0000000071180000 - 0x0000000071252000 	C:\Program Files\Java\jdk1.8.0_191\jre\bin\msvcr100.dll
0x000000006eed0000 - 0x000000006f774000 	C:\Program Files\Java\jdk1.8.0_191\jre\bin\server\jvm.dll
0x00007fff72060000 - 0x00007fff72068000 	C:\WINDOWS\System32\PSAPI.DLL
0x00007fff63540000 - 0x00007fff63549000 	C:\WINDOWS\SYSTEM32\WSOCK32.dll
0x00007fff727d0000 - 0x00007fff7283d000 	C:\WINDOWS\System32\WS2_32.dll
0x00007fff6d7a0000 - 0x00007fff6d7c4000 	C:\WINDOWS\SYSTEM32\WINMM.dll
0x00007fff64ab0000 - 0x00007fff64aba000 	C:\WINDOWS\SYSTEM32\VERSION.dll
0x00007fff6d770000 - 0x00007fff6d79d000 	C:\WINDOWS\SYSTEM32\WINMMBASE.dll
0x00007fff703c0000 - 0x00007fff7040a000 	C:\WINDOWS\System32\cfgmgr32.dll
0x0000000071170000 - 0x000000007117f000 	C:\Program Files\Java\jdk1.8.0_191\jre\bin\verify.dll
0x0000000071140000 - 0x0000000071169000 	C:\Program Files\Java\jdk1.8.0_191\jre\bin\java.dll
0x0000000071120000 - 0x0000000071136000 	C:\Program Files\Java\jdk1.8.0_191\jre\bin\zip.dll
0x00007fff70680000 - 0x00007fff71b70000 	C:\WINDOWS\System32\SHELL32.dll
0x00007fff732f0000 - 0x00007fff73398000 	C:\WINDOWS\System32\shcore.dll
0x00007fff6fc70000 - 0x00007fff703ba000 	C:\WINDOWS\System32\windows.storage.dll
0x00007fff6f4f0000 - 0x00007fff6f514000 	C:\WINDOWS\System32\profapi.dll
0x00007fff6f490000 - 0x00007fff6f4ed000 	C:\WINDOWS\System32\powrprof.dll
0x00007fff71b70000 - 0x00007fff71bc2000 	C:\WINDOWS\System32\shlwapi.dll
0x00007fff6f470000 - 0x00007fff6f481000 	C:\WINDOWS\System32\kernel.appcore.dll
0x00007fff6fc50000 - 0x00007fff6fc67000 	C:\WINDOWS\System32\cryptsp.dll
0x00007fff6e830000 - 0x00007fff6e863000 	C:\WINDOWS\system32\rsaenh.dll
0x00007fff70650000 - 0x00007fff70676000 	C:\WINDOWS\System32\bcrypt.dll
0x00007fff6f380000 - 0x00007fff6f3a8000 	C:\WINDOWS\SYSTEM32\USERENV.dll
0x00007fff6eea0000 - 0x00007fff6eeac000 	C:\WINDOWS\SYSTEM32\CRYPTBASE.dll
0x00000000710c0000 - 0x00000000710da000 	C:\Program Files\Java\jdk1.8.0_191\jre\bin\net.dll
0x00007fff6ecd0000 - 0x00007fff6ed37000 	C:\WINDOWS\system32\mswsock.dll
0x00007fff6e9d0000 - 0x00007fff6ea0d000 	C:\WINDOWS\SYSTEM32\IPHLPAPI.DLL
0x00007fff72840000 - 0x00007fff72848000 	C:\WINDOWS\System32\NSI.dll
0x00007fff66aa0000 - 0x00007fff66ab6000 	C:\WINDOWS\SYSTEM32\dhcpcsvc6.DLL
0x00007fff66b00000 - 0x00007fff66b1c000 	C:\WINDOWS\SYSTEM32\dhcpcsvc.DLL
0x00007fff6ea80000 - 0x00007fff6eb46000 	C:\WINDOWS\SYSTEM32\DNSAPI.dll
0x00000000710a0000 - 0x00000000710b1000 	C:\Program Files\Java\jdk1.8.0_191\jre\bin\nio.dll
0x00007fff65400000 - 0x00007fff6540a000 	C:\Users\Ramiro\AppData\Local\Temp\jansi-1.17-5722510383677724749.dll
0x00007fff643a0000 - 0x00007fff643aa000 	C:\Windows\System32\rasadhlp.dll
0x00007fff65670000 - 0x00007fff656e9000 	C:\WINDOWS\System32\fwpuclnt.dll
0x00000000710e0000 - 0x00000000710ed000 	C:\Program Files\Java\jdk1.8.0_191\jre\bin\management.dll
0x00007fff58db0000 - 0x00007fff58dc6000 	C:\WINDOWS\system32\napinsp.dll
0x00007fff58d90000 - 0x00007fff58daa000 	C:\WINDOWS\system32\pnrpnsp.dll
0x00007fff58d00000 - 0x00007fff58d0e000 	C:\WINDOWS\System32\winrnr.dll
0x00007fff6ba40000 - 0x00007fff6ba5b000 	C:\WINDOWS\system32\NLAapi.dll
0x00007fff58cb0000 - 0x00007fff58cc5000 	C:\WINDOWS\system32\wshbth.dll

VM Arguments:
jvm_args: -Dmaven.home=EMBEDDED -Dclassworlds.conf=C:\Spring5\workspace\.metadata\.plugins\org.eclipse.m2e.launching\launches\m2conf4254407892604832114.tmp -Dmaven.multiModuleProjectDirectory=C:\Users\Ramiro\Documents\Tech-Pro\Proyectos\Tech-Pro Sistema Interno\Codigo\api-tech-pro -Djansi.force=true -Djansi.passthrough=true -Dfile.encoding=Cp1252 
java_command: org.codehaus.plexus.classworlds.launcher.Launcher -B install -Dstyle.color=always
java_class_path (initial): C:\Spring5\sts-4.2.1.RELEASE\plugins\org.eclipse.m2e.maven.runtime_1.11.0.20190220-2117\jars\plexus-classworlds-2.5.2.jar
Launcher Type: SUN_STANDARD

Environment Variables:
JAVA_HOME=C:\Program Files\Java\jre1.8.0_161
PATH=C:/Program Files/Java/jre1.8.0_191/bin/server;C:/Program Files/Java/jre1.8.0_191/bin;C:/Program Files/Java/jre1.8.0_191/lib/amd64;C:\Program Files (x86)\Common Files\Oracle\Java\javapath;C:\WINDOWS\system32;C:\WINDOWS;C:\WINDOWS\System32\Wbem;C:\WINDOWS\System32\WindowsPowerShell\v1.0\;C:\WINDOWS\System32\OpenSSH\;c:\Program Files (x86)\Microsoft SQL Server\110\Tools\Binn\;c:\Program Files\Microsoft SQL Server\110\Tools\Binn\;c:\Program Files\Microsoft SQL Server\110\DTS\Binn\;c:\Program Files (x86)\Microsoft SQL Server\110\Tools\Binn\ManagementStudio\;c:\Program Files (x86)\Microsoft Visual Studio 10.0\Common7\IDE\PrivateAssemblies\;c:\Program Files (x86)\Microsoft SQL Server\110\DTS\Binn\;C:\Program Files\Git\cmd;C:\Program Files\nodejs\;C:\Program Files\Java\jre1.8.0_161\bin;C:\Program Files (x86)\Microsoft SQL Server\Client SDK\ODBC\110\Tools\Binn\;C:\Program Files (x86)\Microsoft SQL Server\120\Tools\Binn\;C:\Program Files (x86)\Microsoft SQL Server\120\DTS\Binn\;C:\Program Files (x86)\Microsoft SQL Server\120\Tools\Binn\ManagementStudio\;C:\Users\Ramiro\AppData\Local\Microsoft\WindowsApps;C:\Users\Ramiro\AppData\Roaming\npm;C:\Users\Ramiro\AppData\Local\Programs\Microsoft VS Code\bin;;C:\Program Files\BioStar 2(x64)\ve\dist\lib\bsve\dll;;C:\Spring5\sts-4.2.1.RELEASE;
USERNAME=Ramiro
OS=Windows_NT
PROCESSOR_IDENTIFIER=Intel64 Family 6 Model 60 Stepping 3, GenuineIntel



---------------  S Y S T E M  ---------------

OS: Windows 10.0 , 64 bit Build 17763 (10.0.17763.475)

CPU:total 8 (initial active 8) (4 cores per cpu, 2 threads per core) family 6 model 60 stepping 3, cmov, cx8, fxsr, mmx, sse, sse2, sse3, ssse3, sse4.1, sse4.2, popcnt, avx, avx2, aes, clmul, erms, lzcnt, ht, tsc, tscinvbit, bmi1, bmi2

Memory: 4k page, physical 8294544k(1452788k free), swap 12390544k(5136k free)

vm_info: Java HotSpot(TM) 64-Bit Server VM (25.191-b12) for windows-amd64 JRE (1.8.0_191-b12), built on Oct  6 2018 09:29:03 by "java_re" with MS VC++ 10.0 (VS2010)

time: Thu Jul 04 12:51:22 2019
elapsed time: 18 seconds (0d 0h 0m 18s)

