#
# There is insufficient memory for the Java Runtime Environment to continue.
# Native memory allocation (malloc) failed to allocate 1048576 bytes for AllocateHeap
# Possible reasons:
#   The system is out of physical RAM or swap space
#   In 32 bit mode, the process size limit was hit
# Possible solutions:
#   Reduce memory load on the system
#   Increase physical memory or swap space
#   Check if swap backing store is full
#   Use 64 bit Java on a 64 bit OS
#   Decrease Java heap size (-Xmx/-Xms)
#   Decrease number of Java threads
#   Decrease Java thread stack sizes (-Xss)
#   Set larger code cache with -XX:ReservedCodeCacheSize=
# This output file may be truncated or incomplete.
#
#  Out of Memory Error (memory/allocation.inline.hpp:61), pid=5628, tid=0x0000000000003eec
#
# JRE version:  (8.0_191-b12) (build )
# Java VM: Java HotSpot(TM) 64-Bit Server VM (25.191-b12 mixed mode windows-amd64 compressed oops)
# Failed to write core dump. Minidumps are not enabled by default on client versions of Windows
#

---------------  T H R E A D  ---------------

Current thread (0x00000000028fe800):  JavaThread "Unknown thread" [_thread_in_vm, id=16108, stack(0x0000000002570000,0x0000000002670000)]

Stack: [0x0000000002570000,0x0000000002670000]
[error occurred during error reporting (printing stack bounds), id 0xc0000005]

Native frames: (J=compiled Java code, j=interpreted, Vv=VM code, C=native code)


---------------  P R O C E S S  ---------------

Java Threads: ( => current thread )

Other Threads:

=>0x00000000028fe800 (exited) JavaThread "Unknown thread" [_thread_in_vm, id=16108, stack(0x0000000002570000,0x0000000002670000)]

VM state:not at safepoint (normal execution)

VM Mutex/Monitor currently owned by a thread: None

Heap:
 PSYoungGen      total 38400K, used 665K [0x00000000d5d00000, 0x00000000d8780000, 0x0000000100000000)
  eden space 33280K, 2% used [0x00000000d5d00000,0x00000000d5da6670,0x00000000d7d80000)
  from space 5120K, 0% used [0x00000000d8280000,0x00000000d8280000,0x00000000d8780000)
  to   space 5120K, 0% used [0x00000000d7d80000,0x00000000d7d80000,0x00000000d8280000)
 ParOldGen       total 87552K, used 0K [0x0000000081600000, 0x0000000086b80000, 0x00000000d5d00000)
  object space 87552K, 0% used [0x0000000081600000,0x0000000081600000,0x0000000086b80000)
 Metaspace       used 775K, capacity 4480K, committed 4480K, reserved 1056768K
  class space    used 76K, capacity 384K, committed 384K, reserved 1048576K

Card table byte_map: [0x0000000011cc0000,0x00000000120c0000] byte_map_base: 0x00000000118b5000

Marking Bits: (ParMarkBitMap*) 0x000000006f6f3e30
 Begin Bits: [0x0000000012b70000, 0x0000000014b18000)
 End Bits:   [0x0000000014b18000, 0x0000000016ac0000)

Polling page: 0x0000000000b30000

CodeCache: size=245760Kb used=328Kb max_used=328Kb free=245431Kb
 bounds [0x0000000002900000, 0x0000000002b70000, 0x0000000011900000]
 total_blobs=58 nmethods=0 adapters=38
 compilation: enabled

Compilation events (0 events):
No events

GC Heap History (0 events):
No events

Deoptimization events (0 events):
No events

Classes redefined (0 events):
No events

Internal exceptions (0 events):
No events

Events (10 events):
Event: 0.038 loading class java/lang/Short
Event: 0.038 loading class java/lang/Short done
Event: 0.038 loading class java/lang/Integer
Event: 0.038 loading class java/lang/Integer done
Event: 0.038 loading class java/lang/Long
Event: 0.038 loading class java/lang/Long done
Event: 0.039 loading class java/lang/NullPointerException
Event: 0.039 loading class java/lang/NullPointerException done
Event: 0.039 loading class java/lang/ArithmeticException
Event: 0.039 loading class java/lang/ArithmeticException done


Dynamic libraries:
0x00007ff7d0b10000 - 0x00007ff7d0b47000 	C:\Program Files\Java\jdk1.8.0_191\bin\javaw.exe
0x00007fff73450000 - 0x00007fff7363d000 	C:\WINDOWS\SYSTEM32\ntdll.dll
0x00007fff39210000 - 0x00007fff39222000 	C:\Program Files\AVAST Software\Avast\aswhook.dll
0x00007fff71e00000 - 0x00007fff71eb3000 	C:\WINDOWS\System32\KERNEL32.DLL
0x00007fff6f9b0000 - 0x00007fff6fc43000 	C:\WINDOWS\System32\KERNELBASE.dll
0x00007fff722d0000 - 0x00007fff72373000 	C:\WINDOWS\System32\ADVAPI32.dll
0x00007fff72070000 - 0x00007fff7210e000 	C:\WINDOWS\System32\msvcrt.dll
0x00007fff71d60000 - 0x00007fff71dfe000 	C:\WINDOWS\System32\sechost.dll
0x00007fff726a0000 - 0x00007fff727c2000 	C:\WINDOWS\System32\RPCRT4.dll
0x00007fff71ec0000 - 0x00007fff72057000 	C:\WINDOWS\System32\USER32.dll
0x00007fff6f930000 - 0x00007fff6f950000 	C:\WINDOWS\System32\win32u.dll
0x00007fff72590000 - 0x00007fff725b9000 	C:\WINDOWS\System32\GDI32.dll
0x00007fff70410000 - 0x00007fff705aa000 	C:\WINDOWS\System32\gdi32full.dll
0x00007fff705b0000 - 0x00007fff70650000 	C:\WINDOWS\System32\msvcp_win.dll
0x00007fff6f650000 - 0x00007fff6f74a000 	C:\WINDOWS\System32\ucrtbase.dll
0x00007fff64110000 - 0x00007fff64389000 	C:\WINDOWS\WinSxS\amd64_microsoft.windows.common-controls_6595b64144ccf1df_6.0.17763.557_none_05b63f68071e5b9f\COMCTL32.dll
0x00007fff72d80000 - 0x00007fff730ac000 	C:\WINDOWS\System32\combase.dll
0x00007fff6f5d0000 - 0x00007fff6f64e000 	C:\WINDOWS\System32\bcryptPrimitives.dll
0x00007fff730b0000 - 0x00007fff730de000 	C:\WINDOWS\System32\IMM32.DLL
0x0000000071180000 - 0x0000000071252000 	C:\Program Files\Java\jdk1.8.0_191\jre\bin\msvcr100.dll
0x000000006eed0000 - 0x000000006f774000 	C:\Program Files\Java\jdk1.8.0_191\jre\bin\server\jvm.dll
0x00007fff72060000 - 0x00007fff72068000 	C:\WINDOWS\System32\PSAPI.DLL
0x00007fff63540000 - 0x00007fff63549000 	C:\WINDOWS\SYSTEM32\WSOCK32.dll
0x00007fff727d0000 - 0x00007fff7283d000 	C:\WINDOWS\System32\WS2_32.dll
0x00007fff6d7a0000 - 0x00007fff6d7c4000 	C:\WINDOWS\SYSTEM32\WINMM.dll
0x00007fff64ab0000 - 0x00007fff64aba000 	C:\WINDOWS\SYSTEM32\VERSION.dll
0x00007fff6d770000 - 0x00007fff6d79d000 	C:\WINDOWS\SYSTEM32\WINMMBASE.dll
0x00007fff703c0000 - 0x00007fff7040a000 	C:\WINDOWS\System32\cfgmgr32.dll
0x0000000071170000 - 0x000000007117f000 	C:\Program Files\Java\jdk1.8.0_191\jre\bin\verify.dll
0x0000000071140000 - 0x0000000071169000 	C:\Program Files\Java\jdk1.8.0_191\jre\bin\java.dll
0x0000000071120000 - 0x0000000071136000 	C:\Program Files\Java\jdk1.8.0_191\jre\bin\zip.dll

VM Arguments:
jvm_args: -Dmaven.home=EMBEDDED -Dclassworlds.conf=C:\Spring5\workspace\.metadata\.plugins\org.eclipse.m2e.launching\launches\m2conf9167832232281678873.tmp -Dmaven.multiModuleProjectDirectory=C:\Users\Ramiro\Documents\Tech-Pro\Proyectos\Tech-Pro Sistema Interno\Codigo\api-tech-pro -Djansi.force=true -Djansi.passthrough=true -Dfile.encoding=Cp1252 
java_command: org.codehaus.plexus.classworlds.launcher.Launcher -B clean -Dstyle.color=always
java_class_path (initial): C:\Spring5\sts-4.2.1.RELEASE\plugins\org.eclipse.m2e.maven.runtime_1.11.0.20190220-2117\jars\plexus-classworlds-2.5.2.jar
Launcher Type: SUN_STANDARD

Environment Variables:
JAVA_HOME=C:\Program Files\Java\jre1.8.0_161
PATH=C:/Program Files/Java/jre1.8.0_191/bin/server;C:/Program Files/Java/jre1.8.0_191/bin;C:/Program Files/Java/jre1.8.0_191/lib/amd64;C:\Program Files (x86)\Common Files\Oracle\Java\javapath;C:\WINDOWS\system32;C:\WINDOWS;C:\WINDOWS\System32\Wbem;C:\WINDOWS\System32\WindowsPowerShell\v1.0\;C:\WINDOWS\System32\OpenSSH\;c:\Program Files (x86)\Microsoft SQL Server\110\Tools\Binn\;c:\Program Files\Microsoft SQL Server\110\Tools\Binn\;c:\Program Files\Microsoft SQL Server\110\DTS\Binn\;c:\Program Files (x86)\Microsoft SQL Server\110\Tools\Binn\ManagementStudio\;c:\Program Files (x86)\Microsoft Visual Studio 10.0\Common7\IDE\PrivateAssemblies\;c:\Program Files (x86)\Microsoft SQL Server\110\DTS\Binn\;C:\Program Files\Git\cmd;C:\Program Files\nodejs\;C:\Program Files\Java\jre1.8.0_161\bin;C:\Program Files (x86)\Microsoft SQL Server\Client SDK\ODBC\110\Tools\Binn\;C:\Program Files (x86)\Microsoft SQL Server\120\Tools\Binn\;C:\Program Files (x86)\Microsoft SQL Server\120\DTS\Binn\;C:\Program Files (x86)\Microsoft SQL Server\120\Tools\Binn\ManagementStudio\;C:\Users\Ramiro\AppData\Local\Microsoft\WindowsApps;C:\Users\Ramiro\AppData\Roaming\npm;C:\Users\Ramiro\AppData\Local\Programs\Microsoft VS Code\bin;;C:\Program Files\BioStar 2(x64)\ve\dist\lib\bsve\dll;;C:\Spring5\sts-4.2.1.RELEASE;
USERNAME=Ramiro
OS=Windows_NT
PROCESSOR_IDENTIFIER=Intel64 Family 6 Model 60 Stepping 3, GenuineIntel



---------------  S Y S T E M  ---------------

OS: Windows 10.0 , 64 bit Build 17763 (10.0.17763.475)

CPU:total 8 (initial active 8) (4 cores per cpu, 2 threads per core) family 6 model 60 stepping 3, cmov, cx8, fxsr, mmx, sse, sse2, sse3, ssse3, sse4.1, sse4.2, popcnt, avx, avx2, aes, clmul, erms, lzcnt, ht, tsc, tscinvbit, bmi1, bmi2

Memory: 4k page, physical 8294544k(1269440k free), swap 12390544k(7084k free)

vm_info: Java HotSpot(TM) 64-Bit Server VM (25.191-b12) for windows-amd64 JRE (1.8.0_191-b12), built on Oct  6 2018 09:29:03 by "java_re" with MS VC++ 10.0 (VS2010)

time: Thu Jul 04 12:49:43 2019
elapsed time: 0 seconds (0d 0h 0m 0s)

