#
# There is insufficient memory for the Java Runtime Environment to continue.
# Native memory allocation (malloc) failed to allocate 308016 bytes for Chunk::new
# Possible reasons:
#   The system is out of physical RAM or swap space
#   In 32 bit mode, the process size limit was hit
# Possible solutions:
#   Reduce memory load on the system
#   Increase physical memory or swap space
#   Check if swap backing store is full
#   Use 64 bit Java on a 64 bit OS
#   Decrease Java heap size (-Xmx/-Xms)
#   Decrease number of Java threads
#   Decrease Java thread stack sizes (-Xss)
#   Set larger code cache with -XX:ReservedCodeCacheSize=
# This output file may be truncated or incomplete.
#
#  Out of Memory Error (allocation.cpp:390), pid=12840, tid=0x0000000000000108
#
# JRE version: Java(TM) SE Runtime Environment (8.0_191-b12) (build 1.8.0_191-b12)
# Java VM: Java HotSpot(TM) 64-Bit Server VM (25.191-b12 mixed mode windows-amd64 compressed oops)
# Failed to write core dump. Minidumps are not enabled by default on client versions of Windows
#

---------------  T H R E A D  ---------------

Current thread (0x00000000195ff800):  JavaThread "C2 CompilerThread0" daemon [_thread_in_native, id=264, stack(0x0000000019ee0000,0x0000000019fe0000)]

Stack: [0x0000000019ee0000,0x0000000019fe0000]
[error occurred during error reporting (printing stack bounds), id 0xc0000005]

Native frames: (J=compiled Java code, j=interpreted, Vv=VM code, C=native code)


Current CompileTask:
C2:   7129 4652   !   4       java.net.URLClassLoader$1::run (63 bytes)


---------------  P R O C E S S  ---------------

Java Threads: ( => current thread )
  0x000000001fa1a800 JavaThread "HikariPool-1 connection adder" daemon [_thread_blocked, id=12792, stack(0x0000000022bd0000,0x0000000022cd0000)]
  0x000000001af07800 JavaThread "HikariPool-1 housekeeper" daemon [_thread_blocked, id=14956, stack(0x00000000228d0000,0x00000000229d0000)]
  0x000000001dcca800 JavaThread "mssql-jdbc-TimeoutTimer-1" daemon [_thread_blocked, id=9876, stack(0x00000000227d0000,0x00000000228d0000)]
  0x000000001d778000 JavaThread "JMX server connection timeout 20" daemon [_thread_blocked, id=13012, stack(0x00000000226d0000,0x00000000227d0000)]
  0x000000001daf4000 JavaThread "RMI Scheduler(0)" daemon [_thread_blocked, id=7624, stack(0x00000000223d0000,0x00000000224d0000)]
  0x000000001a89c000 JavaThread "RMI TCP Connection(1)-192.168.56.1" daemon [_thread_in_native, id=9056, stack(0x00000000222d0000,0x00000000223d0000)]
  0x00000000204e0000 JavaThread "RMI TCP Accept-0" daemon [_thread_in_native, id=2292, stack(0x0000000021fd0000,0x00000000220d0000)]
  0x00000000197fc000 JavaThread "surefire-forkedjvm-ping-30s" daemon [_thread_blocked, id=10104, stack(0x000000001a5e0000,0x000000001a6e0000)]
  0x000000001976b800 JavaThread "surefire-forkedjvm-command-thread" daemon [_thread_in_native, id=15912, stack(0x000000001a4e0000,0x000000001a5e0000)]
  0x0000000019651800 JavaThread "Service Thread" daemon [_thread_blocked, id=2680, stack(0x000000001a2e0000,0x000000001a3e0000)]
  0x000000001960f800 JavaThread "C1 CompilerThread3" daemon [_thread_in_native, id=12564, stack(0x000000001a1e0000,0x000000001a2e0000)]
  0x0000000019609800 JavaThread "C2 CompilerThread2" daemon [_thread_in_native, id=9120, stack(0x000000001a0e0000,0x000000001a1e0000)]
  0x0000000019604800 JavaThread "C2 CompilerThread1" daemon [_thread_in_native, id=15528, stack(0x0000000019fe0000,0x000000001a0e0000)]
=>0x00000000195ff800 JavaThread "C2 CompilerThread0" daemon [_thread_in_native, id=264, stack(0x0000000019ee0000,0x0000000019fe0000)]
  0x00000000195fa800 JavaThread "Attach Listener" daemon [_thread_blocked, id=1596, stack(0x0000000019de0000,0x0000000019ee0000)]
  0x000000001781e800 JavaThread "Signal Dispatcher" daemon [_thread_blocked, id=11968, stack(0x0000000019ce0000,0x0000000019de0000)]
  0x00000000195f1000 JavaThread "Finalizer" daemon [_thread_blocked, id=8352, stack(0x0000000019ad0000,0x0000000019bd0000)]
  0x0000000002818800 JavaThread "Reference Handler" daemon [_thread_blocked, id=9808, stack(0x00000000199d0000,0x0000000019ad0000)]
  0x0000000002722800 JavaThread "main" [_thread_in_Java, id=8492, stack(0x0000000002610000,0x0000000002710000)]

Other Threads:
  0x0000000017808800 VMThread [stack: 0x00000000194d0000,0x00000000195d0000] [id=5244]
  0x0000000019652800 WatcherThread [stack: 0x000000001a3e0000,0x000000001a4e0000] [id=4696]

VM state:not at safepoint (normal execution)

VM Mutex/Monitor currently owned by a thread: None

Heap:
 PSYoungGen      total 98304K, used 25080K [0x00000000d5d00000, 0x00000000dd900000, 0x0000000100000000)
  eden space 87552K, 16% used [0x00000000d5d00000,0x00000000d6b025c0,0x00000000db280000)
  from space 10752K, 99% used [0x00000000db280000,0x00000000dbcfbc68,0x00000000dbd00000)
  to   space 12800K, 0% used [0x00000000dcc80000,0x00000000dcc80000,0x00000000dd900000)
 ParOldGen       total 55296K, used 19950K [0x0000000081600000, 0x0000000084c00000, 0x00000000d5d00000)
  object space 55296K, 36% used [0x0000000081600000,0x000000008297b8a0,0x0000000084c00000)
 Metaspace       used 50917K, capacity 52560K, committed 52904K, reserved 1095680K
  class space    used 6895K, capacity 7218K, committed 7344K, reserved 1048576K

Card table byte_map: [0x0000000011bf0000,0x0000000011ff0000] byte_map_base: 0x00000000117e5000

Marking Bits: (ParMarkBitMap*) 0x000000006f6f3e30
 Begin Bits: [0x0000000012aa0000, 0x0000000014a48000)
 End Bits:   [0x0000000014a48000, 0x00000000169f0000)

Polling page: 0x0000000000bf0000

CodeCache: size=245760Kb used=14526Kb max_used=14526Kb free=231233Kb
 bounds [0x0000000002830000, 0x0000000003670000, 0x0000000011830000]
 total_blobs=4774 nmethods=4231 adapters=455
 compilation: enabled

Compilation events (10 events):
Event: 7.125 Thread 0x000000001960f800 nmethod 4770 0x00000000036644d0 code [0x0000000003664680, 0x0000000003664c68]
Event: 7.125 Thread 0x000000001960f800 4775       1       net.bytebuddy.matcher.ModifierMatcher$Mode::getModifiers (5 bytes)
Event: 7.125 Thread 0x000000001960f800 nmethod 4775 0x0000000003664f50 code [0x00000000036650a0, 0x00000000036651b0]
Event: 7.125 Thread 0x000000001960f800 4771       1       net.bytebuddy.dynamic.scaffold.MethodGraph$Compiler$Default$Key$Store$Entry$Resolved$Node::getRepresentative (5 bytes)
Event: 7.125 Thread 0x000000001960f800 nmethod 4771 0x0000000003665210 code [0x0000000003665360, 0x0000000003665470]
Event: 7.125 Thread 0x000000001960f800 4769       1       java.util.AbstractMap$SimpleImmutableEntry::getKey (5 bytes)
Event: 7.125 Thread 0x000000001960f800 nmethod 4769 0x00000000036654d0 code [0x0000000003665620, 0x0000000003665730]
Event: 7.125 Thread 0x000000001960f800 4777       3       net.bytebuddy.description.annotation.AnnotationDescription$ForLoadedAnnotation::getAnnotationType (13 bytes)
Event: 7.126 Thread 0x000000001960f800 nmethod 4777 0x0000000003665790 code [0x0000000003665980, 0x0000000003666328]
Event: 7.126 Thread 0x000000001960f800 4780   !   3       com.sun.proxy.$Proxy88::annotationType (29 bytes)

GC Heap History (10 events):
Event: 3.812 GC heap before
{Heap before GC invocations=9 (full 1):
 PSYoungGen      total 71680K, used 71655K [0x00000000d5d00000, 0x00000000da800000, 0x0000000100000000)
  eden space 66560K, 100% used [0x00000000d5d00000,0x00000000d9e00000,0x00000000d9e00000)
  from space 5120K, 99% used [0x00000000d9e00000,0x00000000da2f9e78,0x00000000da300000)
  to   space 5120K, 0% used [0x00000000da300000,0x00000000da300000,0x00000000da800000)
 ParOldGen       total 55296K, used 9485K [0x0000000081600000, 0x0000000084c00000, 0x00000000d5d00000)
  object space 55296K, 17% used [0x0000000081600000,0x0000000081f43460,0x0000000084c00000)
 Metaspace       used 31482K, capacity 32654K, committed 32816K, reserved 1077248K
  class space    used 4070K, capacity 4301K, committed 4400K, reserved 1048576K
Event: 3.820 GC heap after
Heap after GC invocations=9 (full 1):
 PSYoungGen      total 71680K, used 5088K [0x00000000d5d00000, 0x00000000da800000, 0x0000000100000000)
  eden space 66560K, 0% used [0x00000000d5d00000,0x00000000d5d00000,0x00000000d9e00000)
  from space 5120K, 99% used [0x00000000da300000,0x00000000da7f8338,0x00000000da800000)
  to   space 5120K, 0% used [0x00000000d9e00000,0x00000000d9e00000,0x00000000da300000)
 ParOldGen       total 55296K, used 14578K [0x0000000081600000, 0x0000000084c00000, 0x00000000d5d00000)
  object space 55296K, 26% used [0x0000000081600000,0x000000008243ca30,0x0000000084c00000)
 Metaspace       used 31482K, capacity 32654K, committed 32816K, reserved 1077248K
  class space    used 4070K, capacity 4301K, committed 4400K, reserved 1048576K
}
Event: 4.272 GC heap before
{Heap before GC invocations=10 (full 1):
 PSYoungGen      total 71680K, used 48249K [0x00000000d5d00000, 0x00000000da800000, 0x0000000100000000)
  eden space 66560K, 64% used [0x00000000d5d00000,0x00000000d8726220,0x00000000d9e00000)
  from space 5120K, 99% used [0x00000000da300000,0x00000000da7f8338,0x00000000da800000)
  to   space 5120K, 0% used [0x00000000d9e00000,0x00000000d9e00000,0x00000000da300000)
 ParOldGen       total 55296K, used 14578K [0x0000000081600000, 0x0000000084c00000, 0x00000000d5d00000)
  object space 55296K, 26% used [0x0000000081600000,0x000000008243ca30,0x0000000084c00000)
 Metaspace       used 34066K, capacity 35336K, committed 35496K, reserved 1079296K
  class space    used 4417K, capacity 4672K, committed 4784K, reserved 1048576K
Event: 4.281 GC heap after
Heap after GC invocations=10 (full 1):
 PSYoungGen      total 71680K, used 5120K [0x00000000d5d00000, 0x00000000dc900000, 0x0000000100000000)
  eden space 66560K, 0% used [0x00000000d5d00000,0x00000000d5d00000,0x00000000d9e00000)
  from space 5120K, 100% used [0x00000000d9e00000,0x00000000da300000,0x00000000da300000)
  to   space 10752K, 0% used [0x00000000dbe80000,0x00000000dbe80000,0x00000000dc900000)
 ParOldGen       total 55296K, used 17434K [0x0000000081600000, 0x0000000084c00000, 0x00000000d5d00000)
  object space 55296K, 31% used [0x0000000081600000,0x0000000082706978,0x0000000084c00000)
 Metaspace       used 34066K, capacity 35336K, committed 35496K, reserved 1079296K
  class space    used 4417K, capacity 4672K, committed 4784K, reserved 1048576K
}
Event: 4.282 GC heap before
{Heap before GC invocations=11 (full 2):
 PSYoungGen      total 71680K, used 5120K [0x00000000d5d00000, 0x00000000dc900000, 0x0000000100000000)
  eden space 66560K, 0% used [0x00000000d5d00000,0x00000000d5d00000,0x00000000d9e00000)
  from space 5120K, 100% used [0x00000000d9e00000,0x00000000da300000,0x00000000da300000)
  to   space 10752K, 0% used [0x00000000dbe80000,0x00000000dbe80000,0x00000000dc900000)
 ParOldGen       total 55296K, used 17434K [0x0000000081600000, 0x0000000084c00000, 0x00000000d5d00000)
  object space 55296K, 31% used [0x0000000081600000,0x0000000082706978,0x0000000084c00000)
 Metaspace       used 34066K, capacity 35336K, committed 35496K, reserved 1079296K
  class space    used 4417K, capacity 4672K, committed 4784K, reserved 1048576K
Event: 4.362 GC heap after
Heap after GC invocations=11 (full 2):
 PSYoungGen      total 71680K, used 0K [0x00000000d5d00000, 0x00000000dc900000, 0x0000000100000000)
  eden space 66560K, 0% used [0x00000000d5d00000,0x00000000d5d00000,0x00000000d9e00000)
  from space 5120K, 0% used [0x00000000d9e00000,0x00000000d9e00000,0x00000000da300000)
  to   space 10752K, 0% used [0x00000000dbe80000,0x00000000dbe80000,0x00000000dc900000)
 ParOldGen       total 55296K, used 17412K [0x0000000081600000, 0x0000000084c00000, 0x00000000d5d00000)
  object space 55296K, 31% used [0x0000000081600000,0x0000000082701320,0x0000000084c00000)
 Metaspace       used 34066K, capacity 35336K, committed 35496K, reserved 1079296K
  class space    used 4417K, capacity 4672K, committed 4784K, reserved 1048576K
}
Event: 5.814 GC heap before
{Heap before GC invocations=12 (full 2):
 PSYoungGen      total 71680K, used 66560K [0x00000000d5d00000, 0x00000000dc900000, 0x0000000100000000)
  eden space 66560K, 100% used [0x00000000d5d00000,0x00000000d9e00000,0x00000000d9e00000)
  from space 5120K, 0% used [0x00000000d9e00000,0x00000000d9e00000,0x00000000da300000)
  to   space 10752K, 0% used [0x00000000dbe80000,0x00000000dbe80000,0x00000000dc900000)
 ParOldGen       total 55296K, used 17412K [0x0000000081600000, 0x0000000084c00000, 0x00000000d5d00000)
  object space 55296K, 31% used [0x0000000081600000,0x0000000082701320,0x0000000084c00000)
 Metaspace       used 40702K, capacity 42178K, committed 42408K, reserved 1085440K
  class space    used 5208K, capacity 5525K, committed 5552K, reserved 1048576K
Event: 5.823 GC heap after
Heap after GC invocations=12 (full 2):
 PSYoungGen      total 91648K, used 8773K [0x00000000d5d00000, 0x00000000dc780000, 0x0000000100000000)
  eden space 82432K, 0% used [0x00000000d5d00000,0x00000000d5d00000,0x00000000dad80000)
  from space 9216K, 95% used [0x00000000dbe80000,0x00000000dc711568,0x00000000dc780000)
  to   space 10752K, 0% used [0x00000000db280000,0x00000000db280000,0x00000000dbd00000)
 ParOldGen       total 55296K, used 17420K [0x0000000081600000, 0x0000000084c00000, 0x00000000d5d00000)
  object space 55296K, 31% used [0x0000000081600000,0x0000000082703320,0x0000000084c00000)
 Metaspace       used 40702K, capacity 42178K, committed 42408K, reserved 1085440K
  class space    used 5208K, capacity 5525K, committed 5552K, reserved 1048576K
}
Event: 6.861 GC heap before
{Heap before GC invocations=13 (full 2):
 PSYoungGen      total 91648K, used 91205K [0x00000000d5d00000, 0x00000000dc780000, 0x0000000100000000)
  eden space 82432K, 100% used [0x00000000d5d00000,0x00000000dad80000,0x00000000dad80000)
  from space 9216K, 95% used [0x00000000dbe80000,0x00000000dc711568,0x00000000dc780000)
  to   space 10752K, 0% used [0x00000000db280000,0x00000000db280000,0x00000000dbd00000)
 ParOldGen       total 55296K, used 17420K [0x0000000081600000, 0x0000000084c00000, 0x00000000d5d00000)
  object space 55296K, 31% used [0x0000000081600000,0x0000000082703320,0x0000000084c00000)
 Metaspace       used 49421K, capacity 51028K, committed 51240K, reserved 1093632K
  class space    used 6614K, capacity 6952K, committed 6960K, reserved 1048576K
Event: 6.875 GC heap after
Heap after GC invocations=13 (full 2):
 PSYoungGen      total 98304K, used 10735K [0x00000000d5d00000, 0x00000000dd900000, 0x0000000100000000)
  eden space 87552K, 0% used [0x00000000d5d00000,0x00000000d5d00000,0x00000000db280000)
  from space 10752K, 99% used [0x00000000db280000,0x00000000dbcfbc68,0x00000000dbd00000)
  to   space 12800K, 0% used [0x00000000dcc80000,0x00000000dcc80000,0x00000000dd900000)
 ParOldGen       total 55296K, used 19950K [0x0000000081600000, 0x0000000084c00000, 0x00000000d5d00000)
  object space 55296K, 36% used [0x0000000081600000,0x000000008297b8a0,0x0000000084c00000)
 Metaspace       used 49421K, capacity 51028K, committed 51240K, reserved 1093632K
  class space    used 6614K, capacity 6952K, committed 6960K, reserved 1048576K
}

Deoptimization events (10 events):
Event: 6.213 Thread 0x0000000002722800 Uncommon trap: reason=class_check action=maybe_recompile pc=0x00000000030192dc method=java.util.regex.Matcher.search(I)Z @ 86
Event: 6.249 Thread 0x0000000002722800 Uncommon trap: reason=unstable_if action=reinterpret pc=0x000000000293f56c method=java.lang.String$CaseInsensitiveComparator.compare(Ljava/lang/String;Ljava/lang/String;)I @ 70
Event: 6.249 Thread 0x0000000002722800 Uncommon trap: reason=unstable_if action=reinterpret pc=0x0000000002f591c8 method=java.lang.String$CaseInsensitiveComparator.compare(Ljava/lang/String;Ljava/lang/String;)I @ 70
Event: 6.432 Thread 0x0000000002722800 Uncommon trap: reason=null_check action=make_not_entrant pc=0x000000000351f384 method=java.lang.Class.createAnnotationData(I)Ljava/lang/Class$AnnotationData; @ 14
Event: 6.645 Thread 0x0000000002722800 Uncommon trap: reason=predicate action=maybe_recompile pc=0x0000000002bbbd50 method=java.lang.String.regionMatches(ZILjava/lang/String;II)Z @ 63
Event: 6.654 Thread 0x0000000002722800 Uncommon trap: reason=class_check action=maybe_recompile pc=0x0000000002c73f38 method=java.util.concurrent.ConcurrentMap.computeIfAbsent(Ljava/lang/Object;Ljava/util/function/Function;)Ljava/lang/Object; @ 7
Event: 6.702 Thread 0x0000000002722800 Uncommon trap: reason=class_check action=maybe_recompile pc=0x0000000002c73f38 method=java.util.concurrent.ConcurrentMap.computeIfAbsent(Ljava/lang/Object;Ljava/util/function/Function;)Ljava/lang/Object; @ 7
Event: 6.706 Thread 0x0000000002722800 Uncommon trap: reason=class_check action=maybe_recompile pc=0x0000000002c73f38 method=java.util.concurrent.ConcurrentMap.computeIfAbsent(Ljava/lang/Object;Ljava/util/function/Function;)Ljava/lang/Object; @ 7
Event: 6.719 Thread 0x0000000002722800 Uncommon trap: reason=class_check action=maybe_recompile pc=0x0000000002c73f38 method=java.util.concurrent.ConcurrentMap.computeIfAbsent(Ljava/lang/Object;Ljava/util/function/Function;)Ljava/lang/Object; @ 7
Event: 7.083 Thread 0x0000000002722800 Uncommon trap: reason=null_check action=make_not_entrant pc=0x0000000002b6c3c4 method=java.lang.reflect.Array.newInstance(Ljava/lang/Class;I)Ljava/lang/Object; @ 2

Classes redefined (0 events):
No events

Internal exceptions (10 events):
Event: 5.627 Thread 0x0000000002722800 Exception <a 'java/lang/ClassNotFoundException': org/springframework/beans/factory/AwareCustomizer> (0x00000000d8aa5a10) thrown at [C:\re\workspace\8-2-build-windows-amd64-cygwin\jdk8u191\11896\hotspot\src\share\vm\classfile\systemDictionary.cpp, line 210
Event: 5.628 Thread 0x0000000002722800 Exception <a 'java/lang/ClassNotFoundException': org/springframework/beans/factory/BeanFactoryAwareCustomizer> (0x00000000d8ac2480) thrown at [C:\re\workspace\8-2-build-windows-amd64-cygwin\jdk8u191\11896\hotspot\src\share\vm\classfile\systemDictionary.cp
Event: 5.629 Thread 0x0000000002722800 Exception <a 'java/lang/ClassNotFoundException': org/springframework/beans/factory/AwareCustomizer> (0x00000000d8adcd78) thrown at [C:\re\workspace\8-2-build-windows-amd64-cygwin\jdk8u191\11896\hotspot\src\share\vm\classfile\systemDictionary.cpp, line 210
Event: 5.629 Thread 0x0000000002722800 Exception <a 'java/lang/ClassNotFoundException': org/springframework/beans/factory/BeanNameAwareCustomizer> (0x00000000d8af8568) thrown at [C:\re\workspace\8-2-build-windows-amd64-cygwin\jdk8u191\11896\hotspot\src\share\vm\classfile\systemDictionary.cpp, 
Event: 5.629 Thread 0x0000000002722800 Exception <a 'java/lang/ClassNotFoundException': org/springframework/beans/factory/AwareCustomizer> (0x00000000d8b12958) thrown at [C:\re\workspace\8-2-build-windows-amd64-cygwin\jdk8u191\11896\hotspot\src\share\vm\classfile\systemDictionary.cpp, line 210
Event: 5.630 Thread 0x0000000002722800 Exception <a 'java/lang/ClassNotFoundException': org/springframework/beans/factory/InitializingBeanCustomizer> (0x00000000d8b2f3c0) thrown at [C:\re\workspace\8-2-build-windows-amd64-cygwin\jdk8u191\11896\hotspot\src\share\vm\classfile\systemDictionary.cp
Event: 5.630 Thread 0x0000000002722800 Exception <a 'java/lang/ClassNotFoundException': org/springframework/beans/factory/DisposableBeanCustomizer> (0x00000000d8b4b358) thrown at [C:\re\workspace\8-2-build-windows-amd64-cygwin\jdk8u191\11896\hotspot\src\share\vm\classfile\systemDictionary.cpp,
Event: 5.631 Thread 0x0000000002722800 Exception <a 'java/lang/ClassNotFoundException': org/springframework/orm/jpa/EntityManagerFactoryInfoCustomizer> (0x00000000d8b69070) thrown at [C:\re\workspace\8-2-build-windows-amd64-cygwin\jdk8u191\11896\hotspot\src\share\vm\classfile\systemDictionary.
Event: 5.632 Thread 0x0000000002722800 Exception <a 'java/lang/ClassNotFoundException': org/springframework/dao/support/PersistenceExceptionTranslatorCustomizer> (0x00000000d8b96480) thrown at [C:\re\workspace\8-2-build-windows-amd64-cygwin\jdk8u191\11896\hotspot\src\share\vm\classfile\systemD
Event: 6.192 Thread 0x000000001dcca800 Exception <a 'java/lang/InterruptedException': sleep interrupted> (0x00000000d7a8a9d0) thrown at [C:\re\workspace\8-2-build-windows-amd64-cygwin\jdk8u191\11896\hotspot\src\share\vm\prims\jvm.cpp, line 3273]

Events (10 events):
Event: 7.118 loading class org/hibernate/persister/walking/internal/EntityIdentifierDefinitionHelper
Event: 7.118 loading class org/hibernate/persister/walking/internal/EntityIdentifierDefinitionHelper done
Event: 7.118 loading class org/hibernate/persister/walking/spi/EntityIdentifierDefinition
Event: 7.118 loading class org/hibernate/persister/walking/spi/EntityIdentifierDefinition done
Event: 7.118 loading class org/hibernate/persister/walking/internal/EntityIdentifierDefinitionHelper$1
Event: 7.118 loading class org/hibernate/persister/walking/internal/EntityIdentifierDefinitionHelper$1 done
Event: 7.119 loading class org/hibernate/persister/walking/spi/EncapsulatedEntityIdentifierDefinition
Event: 7.119 loading class org/hibernate/persister/walking/spi/EncapsulatedEntityIdentifierDefinition done
Event: 7.119 loading class org/hibernate/persister/walking/internal/EntityIdentifierDefinitionHelper$AttributeDefinitionAdapter
Event: 7.119 loading class org/hibernate/persister/walking/internal/EntityIdentifierDefinitionHelper$AttributeDefinitionAdapter done


Dynamic libraries:
0x00007ff796660000 - 0x00007ff796697000 	C:\Program Files\Java\jdk1.8.0_191\jre\bin\java.exe
0x00007fff73450000 - 0x00007fff7363d000 	C:\WINDOWS\SYSTEM32\ntdll.dll
0x00007fff39210000 - 0x00007fff39222000 	C:\Program Files\AVAST Software\Avast\aswhook.dll
0x00007fff71e00000 - 0x00007fff71eb3000 	C:\WINDOWS\System32\KERNEL32.DLL
0x00007fff6f9b0000 - 0x00007fff6fc43000 	C:\WINDOWS\System32\KERNELBASE.dll
0x00007fff722d0000 - 0x00007fff72373000 	C:\WINDOWS\System32\ADVAPI32.dll
0x00007fff72070000 - 0x00007fff7210e000 	C:\WINDOWS\System32\msvcrt.dll
0x00007fff71d60000 - 0x00007fff71dfe000 	C:\WINDOWS\System32\sechost.dll
0x00007fff726a0000 - 0x00007fff727c2000 	C:\WINDOWS\System32\RPCRT4.dll
0x00007fff71ec0000 - 0x00007fff72057000 	C:\WINDOWS\System32\USER32.dll
0x00007fff6f930000 - 0x00007fff6f950000 	C:\WINDOWS\System32\win32u.dll
0x00007fff72590000 - 0x00007fff725b9000 	C:\WINDOWS\System32\GDI32.dll
0x00007fff70410000 - 0x00007fff705aa000 	C:\WINDOWS\System32\gdi32full.dll
0x00007fff705b0000 - 0x00007fff70650000 	C:\WINDOWS\System32\msvcp_win.dll
0x00007fff6f650000 - 0x00007fff6f74a000 	C:\WINDOWS\System32\ucrtbase.dll
0x00007fff64110000 - 0x00007fff64389000 	C:\WINDOWS\WinSxS\amd64_microsoft.windows.common-controls_6595b64144ccf1df_6.0.17763.557_none_05b63f68071e5b9f\COMCTL32.dll
0x00007fff72d80000 - 0x00007fff730ac000 	C:\WINDOWS\System32\combase.dll
0x00007fff6f5d0000 - 0x00007fff6f64e000 	C:\WINDOWS\System32\bcryptPrimitives.dll
0x00007fff730b0000 - 0x00007fff730de000 	C:\WINDOWS\System32\IMM32.DLL
0x0000000071180000 - 0x0000000071252000 	C:\Program Files\Java\jdk1.8.0_191\jre\bin\msvcr100.dll
0x000000006eed0000 - 0x000000006f774000 	C:\Program Files\Java\jdk1.8.0_191\jre\bin\server\jvm.dll
0x00007fff72060000 - 0x00007fff72068000 	C:\WINDOWS\System32\PSAPI.DLL
0x00007fff63540000 - 0x00007fff63549000 	C:\WINDOWS\SYSTEM32\WSOCK32.dll
0x00007fff727d0000 - 0x00007fff7283d000 	C:\WINDOWS\System32\WS2_32.dll
0x00007fff6d7a0000 - 0x00007fff6d7c4000 	C:\WINDOWS\SYSTEM32\WINMM.dll
0x00007fff64ab0000 - 0x00007fff64aba000 	C:\WINDOWS\SYSTEM32\VERSION.dll
0x00007fff6d770000 - 0x00007fff6d79d000 	C:\WINDOWS\SYSTEM32\WINMMBASE.dll
0x00007fff703c0000 - 0x00007fff7040a000 	C:\WINDOWS\System32\cfgmgr32.dll
0x0000000071170000 - 0x000000007117f000 	C:\Program Files\Java\jdk1.8.0_191\jre\bin\verify.dll
0x0000000071140000 - 0x0000000071169000 	C:\Program Files\Java\jdk1.8.0_191\jre\bin\java.dll
0x0000000071120000 - 0x0000000071136000 	C:\Program Files\Java\jdk1.8.0_191\jre\bin\zip.dll
0x00007fff70680000 - 0x00007fff71b70000 	C:\WINDOWS\System32\SHELL32.dll
0x00007fff732f0000 - 0x00007fff73398000 	C:\WINDOWS\System32\shcore.dll
0x00007fff6fc70000 - 0x00007fff703ba000 	C:\WINDOWS\System32\windows.storage.dll
0x00007fff6f4f0000 - 0x00007fff6f514000 	C:\WINDOWS\System32\profapi.dll
0x00007fff6f490000 - 0x00007fff6f4ed000 	C:\WINDOWS\System32\powrprof.dll
0x00007fff71b70000 - 0x00007fff71bc2000 	C:\WINDOWS\System32\shlwapi.dll
0x00007fff6f470000 - 0x00007fff6f481000 	C:\WINDOWS\System32\kernel.appcore.dll
0x00007fff6fc50000 - 0x00007fff6fc67000 	C:\WINDOWS\System32\cryptsp.dll
0x00000000710e0000 - 0x00000000710ed000 	C:\Program Files\Java\jdk1.8.0_191\jre\bin\management.dll
0x00000000710c0000 - 0x00000000710da000 	C:\Program Files\Java\jdk1.8.0_191\jre\bin\net.dll
0x00007fff6ecd0000 - 0x00007fff6ed37000 	C:\WINDOWS\system32\mswsock.dll
0x00000000710a0000 - 0x00000000710b1000 	C:\Program Files\Java\jdk1.8.0_191\jre\bin\nio.dll
0x00007fff58db0000 - 0x00007fff58dc6000 	C:\WINDOWS\system32\napinsp.dll
0x00007fff58d90000 - 0x00007fff58daa000 	C:\WINDOWS\system32\pnrpnsp.dll
0x00007fff6ea80000 - 0x00007fff6eb46000 	C:\WINDOWS\SYSTEM32\DNSAPI.dll
0x00007fff72840000 - 0x00007fff72848000 	C:\WINDOWS\System32\NSI.dll
0x00007fff6e9d0000 - 0x00007fff6ea0d000 	C:\WINDOWS\SYSTEM32\IPHLPAPI.DLL
0x00007fff58d00000 - 0x00007fff58d0e000 	C:\WINDOWS\System32\winrnr.dll
0x00007fff6ba40000 - 0x00007fff6ba5b000 	C:\WINDOWS\system32\NLAapi.dll
0x00007fff58cb0000 - 0x00007fff58cc5000 	C:\WINDOWS\system32\wshbth.dll
0x00007fff643a0000 - 0x00007fff643aa000 	C:\Windows\System32\rasadhlp.dll
0x00007fff65670000 - 0x00007fff656e9000 	C:\WINDOWS\System32\fwpuclnt.dll
0x00007fff70650000 - 0x00007fff70676000 	C:\WINDOWS\System32\bcrypt.dll
0x00007fff6e830000 - 0x00007fff6e863000 	C:\WINDOWS\system32\rsaenh.dll
0x00007fff6f380000 - 0x00007fff6f3a8000 	C:\WINDOWS\SYSTEM32\USERENV.dll
0x00007fff6eea0000 - 0x00007fff6eeac000 	C:\WINDOWS\SYSTEM32\CRYPTBASE.dll
0x00007fff66aa0000 - 0x00007fff66ab6000 	C:\WINDOWS\SYSTEM32\dhcpcsvc6.DLL
0x00007fff66b00000 - 0x00007fff66b1c000 	C:\WINDOWS\SYSTEM32\dhcpcsvc.DLL
0x0000000070eb0000 - 0x0000000070ed4000 	C:\Program Files\Java\jdk1.8.0_191\jre\bin\sunec.dll
0x0000000070ea0000 - 0x0000000070eab000 	C:\Program Files\Java\jdk1.8.0_191\jre\bin\sunmscapi.dll
0x00007fff6f750000 - 0x00007fff6f92b000 	C:\WINDOWS\System32\CRYPT32.dll
0x00007fff6f450000 - 0x00007fff6f462000 	C:\WINDOWS\System32\MSASN1.dll

VM Arguments:
java_command: C:\Users\Ramiro\AppData\Local\Temp\surefire2340601007337440537\surefirebooter2863747795430636628.jar C:\Users\Ramiro\AppData\Local\Temp\surefire2340601007337440537 2019-07-04T12-51-14_912-jvmRun1 surefire1262993366824948790tmp surefire_07066529882732079169tmp
java_class_path (initial): C:\Users\Ramiro\AppData\Local\Temp\surefire2340601007337440537\surefirebooter2863747795430636628.jar
Launcher Type: SUN_STANDARD

Environment Variables:
JAVA_HOME=C:\Program Files\Java\jre1.8.0_161
PATH=C:/Program Files/Java/jre1.8.0_191/bin/server;C:/Program Files/Java/jre1.8.0_191/bin;C:/Program Files/Java/jre1.8.0_191/lib/amd64;C:\Program Files (x86)\Common Files\Oracle\Java\javapath;C:\WINDOWS\system32;C:\WINDOWS;C:\WINDOWS\System32\Wbem;C:\WINDOWS\System32\WindowsPowerShell\v1.0\;C:\WINDOWS\System32\OpenSSH\;c:\Program Files (x86)\Microsoft SQL Server\110\Tools\Binn\;c:\Program Files\Microsoft SQL Server\110\Tools\Binn\;c:\Program Files\Microsoft SQL Server\110\DTS\Binn\;c:\Program Files (x86)\Microsoft SQL Server\110\Tools\Binn\ManagementStudio\;c:\Program Files (x86)\Microsoft Visual Studio 10.0\Common7\IDE\PrivateAssemblies\;c:\Program Files (x86)\Microsoft SQL Server\110\DTS\Binn\;C:\Program Files\Git\cmd;C:\Program Files\nodejs\;C:\Program Files\Java\jre1.8.0_161\bin;C:\Program Files (x86)\Microsoft SQL Server\Client SDK\ODBC\110\Tools\Binn\;C:\Program Files (x86)\Microsoft SQL Server\120\Tools\Binn\;C:\Program Files (x86)\Microsoft SQL Server\120\DTS\Binn\;C:\Program Files (x86)\Microsoft SQL Server\120\Tools\Binn\ManagementStudio\;C:\Users\Ramiro\AppData\Local\Microsoft\WindowsApps;C:\Users\Ramiro\AppData\Roaming\npm;C:\Users\Ramiro\AppData\Local\Programs\Microsoft VS Code\bin;;C:\Program Files\BioStar 2(x64)\ve\dist\lib\bsve\dll;;C:\Spring5\sts-4.2.1.RELEASE;
USERNAME=Ramiro
OS=Windows_NT
PROCESSOR_IDENTIFIER=Intel64 Family 6 Model 60 Stepping 3, GenuineIntel



---------------  S Y S T E M  ---------------

OS: Windows 10.0 , 64 bit Build 17763 (10.0.17763.475)

CPU:total 8 (initial active 8) (4 cores per cpu, 2 threads per core) family 6 model 60 stepping 3, cmov, cx8, fxsr, mmx, sse, sse2, sse3, ssse3, sse4.1, sse4.2, popcnt, avx, avx2, aes, clmul, erms, lzcnt, ht, tsc, tscinvbit, bmi1, bmi2

Memory: 4k page, physical 8294544k(1452800k free), swap 12390544k(5136k free)

vm_info: Java HotSpot(TM) 64-Bit Server VM (25.191-b12) for windows-amd64 JRE (1.8.0_191-b12), built on Oct  6 2018 09:29:03 by "java_re" with MS VC++ 10.0 (VS2010)

time: Thu Jul 04 12:51:22 2019
elapsed time: 7 seconds (0d 0h 0m 7s)

