#
# There is insufficient memory for the Java Runtime Environment to continue.
# Native memory allocation (malloc) failed to allocate 407456 bytes for Chunk::new
# Possible reasons:
#   The system is out of physical RAM or swap space
#   In 32 bit mode, the process size limit was hit
# Possible solutions:
#   Reduce memory load on the system
#   Increase physical memory or swap space
#   Check if swap backing store is full
#   Use 64 bit Java on a 64 bit OS
#   Decrease Java heap size (-Xmx/-Xms)
#   Decrease number of Java threads
#   Decrease Java thread stack sizes (-Xss)
#   Set larger code cache with -XX:ReservedCodeCacheSize=
# This output file may be truncated or incomplete.
#
#  Out of Memory Error (allocation.cpp:390), pid=12028, tid=0x000000000000353c
#
# JRE version: Java(TM) SE Runtime Environment (8.0_191-b12) (build 1.8.0_191-b12)
# Java VM: Java HotSpot(TM) 64-Bit Server VM (25.191-b12 mixed mode windows-amd64 compressed oops)
# Failed to write core dump. Minidumps are not enabled by default on client versions of Windows
#

---------------  T H R E A D  ---------------

Current thread (0x0000000019a13800):  JavaThread "C2 CompilerThread1" daemon [_thread_in_native, id=13628, stack(0x000000001a3e0000,0x000000001a4e0000)]

Stack: [0x000000001a3e0000,0x000000001a4e0000]
[error occurred during error reporting (printing stack bounds), id 0xc0000005]

Native frames: (J=compiled Java code, j=interpreted, Vv=VM code, C=native code)


Current CompileTask:
C2:   1867 1311   !   4       java.net.URL::<init> (543 bytes)


---------------  P R O C E S S  ---------------

Java Threads: ( => current thread )
  0x0000000019a98800 JavaThread "Service Thread" daemon [_thread_blocked, id=6268, stack(0x000000001a6e0000,0x000000001a7e0000)]
  0x0000000019a1c800 JavaThread "C1 CompilerThread3" daemon [_thread_in_native, id=17048, stack(0x000000001a5e0000,0x000000001a6e0000)]
  0x0000000019a17800 JavaThread "C2 CompilerThread2" daemon [_thread_in_native, id=11876, stack(0x000000001a4e0000,0x000000001a5e0000)]
=>0x0000000019a13800 JavaThread "C2 CompilerThread1" daemon [_thread_in_native, id=13628, stack(0x000000001a3e0000,0x000000001a4e0000)]
  0x0000000019a0e000 JavaThread "C2 CompilerThread0" daemon [_thread_in_native, id=8764, stack(0x000000001a2e0000,0x000000001a3e0000)]
  0x0000000019a0b000 JavaThread "Attach Listener" daemon [_thread_blocked, id=3828, stack(0x000000001a1e0000,0x000000001a2e0000)]
  0x0000000019a0a000 JavaThread "Signal Dispatcher" daemon [_thread_blocked, id=18208, stack(0x000000001a0e0000,0x000000001a1e0000)]
  0x0000000017c13800 JavaThread "Finalizer" daemon [_thread_blocked, id=16044, stack(0x0000000019ee0000,0x0000000019fe0000)]
  0x0000000017c0c800 JavaThread "Reference Handler" daemon [_thread_blocked, id=11640, stack(0x0000000019de0000,0x0000000019ee0000)]
  0x0000000002a3e800 JavaThread "main" [_thread_in_Java, id=12484, stack(0x0000000002a40000,0x0000000002b40000)]

Other Threads:
  0x0000000017c09800 VMThread [stack: 0x00000000198e0000,0x00000000199e0000] [id=1120]
  0x0000000019aba800 WatcherThread [stack: 0x000000001a7e0000,0x000000001a8e0000] [id=12496]

VM state:not at safepoint (normal execution)

VM Mutex/Monitor currently owned by a thread: None

Heap:
 PSYoungGen      total 38400K, used 11845K [0x00000000d5d00000, 0x00000000d8780000, 0x0000000100000000)
  eden space 33280K, 20% used [0x00000000d5d00000,0x00000000d6399130,0x00000000d7d80000)
  from space 5120K, 99% used [0x00000000d8280000,0x00000000d8778348,0x00000000d8780000)
  to   space 5120K, 0% used [0x00000000d7d80000,0x00000000d7d80000,0x00000000d8280000)
 ParOldGen       total 87552K, used 2394K [0x0000000081600000, 0x0000000086b80000, 0x00000000d5d00000)
  object space 87552K, 2% used [0x0000000081600000,0x0000000081856af0,0x0000000086b80000)
 Metaspace       used 13256K, capacity 13488K, committed 13568K, reserved 1060864K
  class space    used 1667K, capacity 1770K, committed 1792K, reserved 1048576K

Card table byte_map: [0x0000000012020000,0x0000000012420000] byte_map_base: 0x0000000011c15000

Marking Bits: (ParMarkBitMap*) 0x000000006f6f3e30
 Begin Bits: [0x0000000012ed0000, 0x0000000014e78000)
 End Bits:   [0x0000000014e78000, 0x0000000016e20000)

Polling page: 0x00000000011c0000

CodeCache: size=245760Kb used=4822Kb max_used=4822Kb free=240937Kb
 bounds [0x0000000002c60000, 0x0000000003120000, 0x0000000011c60000]
 total_blobs=1709 nmethods=1366 adapters=255
 compilation: enabled

Compilation events (10 events):
Event: 1.864 Thread 0x0000000019a1c800 nmethod 1359 0x000000000310c590 code [0x000000000310c760, 0x000000000310cdc8]
Event: 1.864 Thread 0x0000000019a1c800 1360       3       java.lang.Class::isAnnotationPresent (6 bytes)
Event: 1.864 Thread 0x0000000019a1c800 nmethod 1360 0x000000000310d050 code [0x000000000310d200, 0x000000000310d7c8]
Event: 1.864 Thread 0x0000000019a1c800 1361       1       com.google.inject.internal.ProvisionListenerStackCallback::access$100 (5 bytes)
Event: 1.864 Thread 0x0000000019a1c800 nmethod 1361 0x000000000310dad0 code [0x000000000310dc20, 0x000000000310dd10]
Event: 1.864 Thread 0x0000000019a1c800 1362       1       com.google.inject.internal.ConstructionContext::isConstructing (5 bytes)
Event: 1.864 Thread 0x0000000019a1c800 nmethod 1362 0x000000000310dd90 code [0x000000000310dee0, 0x000000000310dff0]
Event: 1.864 Thread 0x0000000019a1c800 1363       3       com.google.inject.internal.InternalContext::pushState (10 bytes)
Event: 1.865 Thread 0x0000000019a1c800 nmethod 1363 0x000000000310e050 code [0x000000000310e1c0, 0x000000000310e3c8]
Event: 1.865 Thread 0x0000000019a1c800 1364   !   3       com.google.inject.internal.MembersInjectorImpl::injectMembers (133 bytes)

GC Heap History (4 events):
Event: 1.280 GC heap before
{Heap before GC invocations=1 (full 0):
 PSYoungGen      total 38400K, used 33280K [0x00000000d5d00000, 0x00000000d8780000, 0x0000000100000000)
  eden space 33280K, 100% used [0x00000000d5d00000,0x00000000d7d80000,0x00000000d7d80000)
  from space 5120K, 0% used [0x00000000d8280000,0x00000000d8280000,0x00000000d8780000)
  to   space 5120K, 0% used [0x00000000d7d80000,0x00000000d7d80000,0x00000000d8280000)
 ParOldGen       total 87552K, used 0K [0x0000000081600000, 0x0000000086b80000, 0x00000000d5d00000)
  object space 87552K, 0% used [0x0000000081600000,0x0000000081600000,0x0000000086b80000)
 Metaspace       used 8507K, capacity 8696K, committed 8832K, reserved 1056768K
  class space    used 1051K, capacity 1116K, committed 1152K, reserved 1048576K
Event: 1.284 GC heap after
Heap after GC invocations=1 (full 0):
 PSYoungGen      total 38400K, used 5104K [0x00000000d5d00000, 0x00000000d8780000, 0x0000000100000000)
  eden space 33280K, 0% used [0x00000000d5d00000,0x00000000d5d00000,0x00000000d7d80000)
  from space 5120K, 99% used [0x00000000d7d80000,0x00000000d827c090,0x00000000d8280000)
  to   space 5120K, 0% used [0x00000000d8280000,0x00000000d8280000,0x00000000d8780000)
 ParOldGen       total 87552K, used 22K [0x0000000081600000, 0x0000000086b80000, 0x00000000d5d00000)
  object space 87552K, 0% used [0x0000000081600000,0x0000000081605aa0,0x0000000086b80000)
 Metaspace       used 8507K, capacity 8696K, committed 8832K, reserved 1056768K
  class space    used 1051K, capacity 1116K, committed 1152K, reserved 1048576K
}
Event: 1.727 GC heap before
{Heap before GC invocations=2 (full 0):
 PSYoungGen      total 38400K, used 38384K [0x00000000d5d00000, 0x00000000d8780000, 0x0000000100000000)
  eden space 33280K, 100% used [0x00000000d5d00000,0x00000000d7d80000,0x00000000d7d80000)
  from space 5120K, 99% used [0x00000000d7d80000,0x00000000d827c090,0x00000000d8280000)
  to   space 5120K, 0% used [0x00000000d8280000,0x00000000d8280000,0x00000000d8780000)
 ParOldGen       total 87552K, used 22K [0x0000000081600000, 0x0000000086b80000, 0x00000000d5d00000)
  object space 87552K, 0% used [0x0000000081600000,0x0000000081605aa0,0x0000000086b80000)
 Metaspace       used 12437K, capacity 12650K, committed 12928K, reserved 1060864K
  class space    used 1553K, capacity 1641K, committed 1664K, reserved 1048576K
Event: 1.734 GC heap after
Heap after GC invocations=2 (full 0):
 PSYoungGen      total 38400K, used 5088K [0x00000000d5d00000, 0x00000000d8780000, 0x0000000100000000)
  eden space 33280K, 0% used [0x00000000d5d00000,0x00000000d5d00000,0x00000000d7d80000)
  from space 5120K, 99% used [0x00000000d8280000,0x00000000d8778348,0x00000000d8780000)
  to   space 5120K, 0% used [0x00000000d7d80000,0x00000000d7d80000,0x00000000d8280000)
 ParOldGen       total 87552K, used 2394K [0x0000000081600000, 0x0000000086b80000, 0x00000000d5d00000)
  object space 87552K, 2% used [0x0000000081600000,0x0000000081856af0,0x0000000086b80000)
 Metaspace       used 12437K, capacity 12650K, committed 12928K, reserved 1060864K
  class space    used 1553K, capacity 1641K, committed 1664K, reserved 1048576K
}

Deoptimization events (10 events):
Event: 1.265 Thread 0x0000000002a3e800 Uncommon trap: reason=unstable_if action=reinterpret pc=0x0000000002f399a4 method=sun.nio.cs.StreamDecoder.implRead([CII)I @ 197
Event: 1.340 Thread 0x0000000002a3e800 Uncommon trap: reason=unstable_if action=reinterpret pc=0x0000000002ec637c method=java.util.HashMap.getNode(ILjava/lang/Object;)Ljava/util/HashMap$Node; @ 129
Event: 1.348 Thread 0x0000000002a3e800 Uncommon trap: reason=unstable_if action=reinterpret pc=0x0000000002ed5088 method=java.util.HashMap.getNode(ILjava/lang/Object;)Ljava/util/HashMap$Node; @ 129
Event: 1.408 Thread 0x0000000002a3e800 Uncommon trap: reason=class_check action=maybe_recompile pc=0x0000000002f9e680 method=java.util.HashMap.putVal(ILjava/lang/Object;Ljava/lang/Object;ZZ)Ljava/lang/Object; @ 203
Event: 1.411 Thread 0x0000000002a3e800 Uncommon trap: reason=class_check action=maybe_recompile pc=0x0000000002f9e680 method=java.util.HashMap.putVal(ILjava/lang/Object;Ljava/lang/Object;ZZ)Ljava/lang/Object; @ 203
Event: 1.742 Thread 0x0000000002a3e800 Uncommon trap: reason=class_check action=maybe_recompile pc=0x0000000002f9e680 method=java.util.HashMap.putVal(ILjava/lang/Object;Ljava/lang/Object;ZZ)Ljava/lang/Object; @ 203
Event: 1.742 Thread 0x0000000002a3e800 Uncommon trap: reason=class_check action=maybe_recompile pc=0x0000000002f9e680 method=java.util.HashMap.putVal(ILjava/lang/Object;Ljava/lang/Object;ZZ)Ljava/lang/Object; @ 203
Event: 1.786 Thread 0x0000000002a3e800 Uncommon trap: reason=unstable_if action=reinterpret pc=0x0000000002fe9230 method=java.util.concurrent.ConcurrentHashMap.putVal(Ljava/lang/Object;Ljava/lang/Object;Z)Ljava/lang/Object; @ 206
Event: 1.821 Thread 0x0000000002a3e800 Uncommon trap: reason=class_check action=maybe_recompile pc=0x0000000002fac154 method=java.util.HashMap.putVal(ILjava/lang/Object;Ljava/lang/Object;ZZ)Ljava/lang/Object; @ 203
Event: 1.855 Thread 0x0000000002a3e800 Uncommon trap: reason=unstable_if action=reinterpret pc=0x00000000030afc98 method=java.lang.reflect.Modifier.isSynthetic(I)Z @ 5

Classes redefined (0 events):
No events

Internal exceptions (10 events):
Event: 1.154 Thread 0x0000000002a3e800 Exception <a 'java/lang/ArrayIndexOutOfBoundsException'> (0x00000000d7201108) thrown at [C:\re\workspace\8-2-build-windows-amd64-cygwin\jdk8u191\11896\hotspot\src\share\vm\runtime\sharedRuntime.cpp, line 605]
Event: 1.155 Thread 0x0000000002a3e800 Exception <a 'java/lang/ArrayIndexOutOfBoundsException'> (0x00000000d7202660) thrown at [C:\re\workspace\8-2-build-windows-amd64-cygwin\jdk8u191\11896\hotspot\src\share\vm\runtime\sharedRuntime.cpp, line 605]
Event: 1.155 Thread 0x0000000002a3e800 Exception <a 'java/lang/ArrayIndexOutOfBoundsException'> (0x00000000d72048f0) thrown at [C:\re\workspace\8-2-build-windows-amd64-cygwin\jdk8u191\11896\hotspot\src\share\vm\runtime\sharedRuntime.cpp, line 605]
Event: 1.156 Thread 0x0000000002a3e800 Exception <a 'java/lang/ArrayIndexOutOfBoundsException': 81> (0x00000000d7206c00) thrown at [C:\re\workspace\8-2-build-windows-amd64-cygwin\jdk8u191\11896\hotspot\src\share\vm\interpreter\interpreterRuntime.cpp, line 366]
Event: 1.156 Thread 0x0000000002a3e800 Exception <a 'java/lang/ArrayIndexOutOfBoundsException': 24> (0x00000000d7207bc8) thrown at [C:\re\workspace\8-2-build-windows-amd64-cygwin\jdk8u191\11896\hotspot\src\share\vm\interpreter\interpreterRuntime.cpp, line 366]
Event: 1.156 Thread 0x0000000002a3e800 Exception <a 'java/lang/ArrayIndexOutOfBoundsException': 86> (0x00000000d7209310) thrown at [C:\re\workspace\8-2-build-windows-amd64-cygwin\jdk8u191\11896\hotspot\src\share\vm\interpreter\interpreterRuntime.cpp, line 366]
Event: 1.156 Thread 0x0000000002a3e800 Exception <a 'java/lang/ArrayIndexOutOfBoundsException': 100> (0x00000000d720aa48) thrown at [C:\re\workspace\8-2-build-windows-amd64-cygwin\jdk8u191\11896\hotspot\src\share\vm\interpreter\interpreterRuntime.cpp, line 366]
Event: 1.815 Thread 0x0000000002a3e800 Exception <a 'java/lang/NoClassDefFoundError': com/google/inject/servlet/ServletModuleTargetVisitor> (0x00000000d61a1430) thrown at [C:\re\workspace\8-2-build-windows-amd64-cygwin\jdk8u191\11896\hotspot\src\share\vm\classfile\systemDictionary.cpp, line 19
Event: 1.815 Thread 0x0000000002a3e800 Exception <a 'java/lang/NoClassDefFoundError'> (0x00000000d61a1430) thrown at [C:\re\workspace\8-2-build-windows-amd64-cygwin\jdk8u191\11896\hotspot\src\share\vm\prims\jvm.cpp, line 1439]
Event: 1.815 Thread 0x0000000002a3e800 Exception <a 'java/lang/NoClassDefFoundError': javax/annotation/Priority> (0x00000000d61a8078) thrown at [C:\re\workspace\8-2-build-windows-amd64-cygwin\jdk8u191\11896\hotspot\src\share\vm\classfile\systemDictionary.cpp, line 199]

Events (10 events):
Event: 1.861 loading class org/eclipse/aether/spi/log/NullLoggerFactory
Event: 1.861 loading class org/eclipse/aether/spi/log/NullLoggerFactory done
Event: 1.861 loading class org/eclipse/aether/spi/log/NullLogger
Event: 1.861 loading class org/eclipse/aether/spi/log/NullLogger done
Event: 1.862 loading class org/slf4j/spi/LocationAwareLogger
Event: 1.862 loading class org/slf4j/spi/LocationAwareLogger done
Event: 1.862 loading class org/eclipse/aether/internal/impl/slf4j/Slf4jLoggerFactory$Slf4jLogger
Event: 1.862 loading class org/eclipse/aether/internal/impl/slf4j/Slf4jLoggerFactory$Slf4jLogger done
Event: 1.865 loading class org/apache/commons/lang3/Validate
Event: 1.865 loading class org/apache/commons/lang3/Validate done


Dynamic libraries:
0x00007ff7d0b10000 - 0x00007ff7d0b47000 	C:\Program Files\Java\jdk1.8.0_191\bin\javaw.exe
0x00007fff73450000 - 0x00007fff7363d000 	C:\WINDOWS\SYSTEM32\ntdll.dll
0x00007fff39210000 - 0x00007fff39222000 	C:\Program Files\AVAST Software\Avast\aswhook.dll
0x00007fff71e00000 - 0x00007fff71eb3000 	C:\WINDOWS\System32\KERNEL32.DLL
0x00007fff6f9b0000 - 0x00007fff6fc43000 	C:\WINDOWS\System32\KERNELBASE.dll
0x00007fff722d0000 - 0x00007fff72373000 	C:\WINDOWS\System32\ADVAPI32.dll
0x00007fff72070000 - 0x00007fff7210e000 	C:\WINDOWS\System32\msvcrt.dll
0x00007fff71d60000 - 0x00007fff71dfe000 	C:\WINDOWS\System32\sechost.dll
0x00007fff726a0000 - 0x00007fff727c2000 	C:\WINDOWS\System32\RPCRT4.dll
0x00007fff71ec0000 - 0x00007fff72057000 	C:\WINDOWS\System32\USER32.dll
0x00007fff6f930000 - 0x00007fff6f950000 	C:\WINDOWS\System32\win32u.dll
0x00007fff72590000 - 0x00007fff725b9000 	C:\WINDOWS\System32\GDI32.dll
0x00007fff70410000 - 0x00007fff705aa000 	C:\WINDOWS\System32\gdi32full.dll
0x00007fff705b0000 - 0x00007fff70650000 	C:\WINDOWS\System32\msvcp_win.dll
0x00007fff6f650000 - 0x00007fff6f74a000 	C:\WINDOWS\System32\ucrtbase.dll
0x00007fff64110000 - 0x00007fff64389000 	C:\WINDOWS\WinSxS\amd64_microsoft.windows.common-controls_6595b64144ccf1df_6.0.17763.557_none_05b63f68071e5b9f\COMCTL32.dll
0x00007fff72d80000 - 0x00007fff730ac000 	C:\WINDOWS\System32\combase.dll
0x00007fff6f5d0000 - 0x00007fff6f64e000 	C:\WINDOWS\System32\bcryptPrimitives.dll
0x00007fff730b0000 - 0x00007fff730de000 	C:\WINDOWS\System32\IMM32.DLL
0x0000000071180000 - 0x0000000071252000 	C:\Program Files\Java\jdk1.8.0_191\jre\bin\msvcr100.dll
0x000000006eed0000 - 0x000000006f774000 	C:\Program Files\Java\jdk1.8.0_191\jre\bin\server\jvm.dll
0x00007fff72060000 - 0x00007fff72068000 	C:\WINDOWS\System32\PSAPI.DLL
0x00007fff63540000 - 0x00007fff63549000 	C:\WINDOWS\SYSTEM32\WSOCK32.dll
0x00007fff727d0000 - 0x00007fff7283d000 	C:\WINDOWS\System32\WS2_32.dll
0x00007fff6d7a0000 - 0x00007fff6d7c4000 	C:\WINDOWS\SYSTEM32\WINMM.dll
0x00007fff64ab0000 - 0x00007fff64aba000 	C:\WINDOWS\SYSTEM32\VERSION.dll
0x00007fff6d770000 - 0x00007fff6d79d000 	C:\WINDOWS\SYSTEM32\WINMMBASE.dll
0x00007fff703c0000 - 0x00007fff7040a000 	C:\WINDOWS\System32\cfgmgr32.dll
0x0000000071170000 - 0x000000007117f000 	C:\Program Files\Java\jdk1.8.0_191\jre\bin\verify.dll
0x0000000071140000 - 0x0000000071169000 	C:\Program Files\Java\jdk1.8.0_191\jre\bin\java.dll
0x0000000071120000 - 0x0000000071136000 	C:\Program Files\Java\jdk1.8.0_191\jre\bin\zip.dll
0x00007fff70680000 - 0x00007fff71b70000 	C:\WINDOWS\System32\SHELL32.dll
0x00007fff732f0000 - 0x00007fff73398000 	C:\WINDOWS\System32\shcore.dll
0x00007fff6fc70000 - 0x00007fff703ba000 	C:\WINDOWS\System32\windows.storage.dll
0x00007fff6f4f0000 - 0x00007fff6f514000 	C:\WINDOWS\System32\profapi.dll
0x00007fff6f490000 - 0x00007fff6f4ed000 	C:\WINDOWS\System32\powrprof.dll
0x00007fff71b70000 - 0x00007fff71bc2000 	C:\WINDOWS\System32\shlwapi.dll
0x00007fff6f470000 - 0x00007fff6f481000 	C:\WINDOWS\System32\kernel.appcore.dll
0x00007fff6fc50000 - 0x00007fff6fc67000 	C:\WINDOWS\System32\cryptsp.dll
0x00007fff6e830000 - 0x00007fff6e863000 	C:\WINDOWS\system32\rsaenh.dll
0x00007fff70650000 - 0x00007fff70676000 	C:\WINDOWS\System32\bcrypt.dll
0x00007fff6f380000 - 0x00007fff6f3a8000 	C:\WINDOWS\SYSTEM32\USERENV.dll
0x00007fff6eea0000 - 0x00007fff6eeac000 	C:\WINDOWS\SYSTEM32\CRYPTBASE.dll
0x00000000710c0000 - 0x00000000710da000 	C:\Program Files\Java\jdk1.8.0_191\jre\bin\net.dll
0x00007fff6ecd0000 - 0x00007fff6ed37000 	C:\WINDOWS\system32\mswsock.dll
0x00007fff6e9d0000 - 0x00007fff6ea0d000 	C:\WINDOWS\SYSTEM32\IPHLPAPI.DLL
0x00007fff72840000 - 0x00007fff72848000 	C:\WINDOWS\System32\NSI.dll
0x00007fff66aa0000 - 0x00007fff66ab6000 	C:\WINDOWS\SYSTEM32\dhcpcsvc6.DLL
0x00007fff66b00000 - 0x00007fff66b1c000 	C:\WINDOWS\SYSTEM32\dhcpcsvc.DLL
0x00007fff6ea80000 - 0x00007fff6eb46000 	C:\WINDOWS\SYSTEM32\DNSAPI.dll
0x00000000710a0000 - 0x00000000710b1000 	C:\Program Files\Java\jdk1.8.0_191\jre\bin\nio.dll
0x00007fff65400000 - 0x00007fff6540a000 	C:\Users\Ramiro\AppData\Local\Temp\jansi-1.17-7196732132146460241.dll

VM Arguments:
jvm_args: -Dmaven.home=EMBEDDED -Dclassworlds.conf=C:\Spring5\workspace\.metadata\.plugins\org.eclipse.m2e.launching\launches\m2conf8337985104892644407.tmp -Dmaven.multiModuleProjectDirectory=C:\Users\Ramiro\Documents\Tech-Pro\Proyectos\Tech-Pro Sistema Interno\Codigo\api-tech-pro -Djansi.force=true -Djansi.passthrough=true -Dfile.encoding=Cp1252 
java_command: org.codehaus.plexus.classworlds.launcher.Launcher -B clean -Dstyle.color=always
java_class_path (initial): C:\Spring5\sts-4.2.1.RELEASE\plugins\org.eclipse.m2e.maven.runtime_1.11.0.20190220-2117\jars\plexus-classworlds-2.5.2.jar
Launcher Type: SUN_STANDARD

Environment Variables:
JAVA_HOME=C:\Program Files\Java\jre1.8.0_161
PATH=C:/Program Files/Java/jre1.8.0_191/bin/server;C:/Program Files/Java/jre1.8.0_191/bin;C:/Program Files/Java/jre1.8.0_191/lib/amd64;C:\Program Files (x86)\Common Files\Oracle\Java\javapath;C:\WINDOWS\system32;C:\WINDOWS;C:\WINDOWS\System32\Wbem;C:\WINDOWS\System32\WindowsPowerShell\v1.0\;C:\WINDOWS\System32\OpenSSH\;c:\Program Files (x86)\Microsoft SQL Server\110\Tools\Binn\;c:\Program Files\Microsoft SQL Server\110\Tools\Binn\;c:\Program Files\Microsoft SQL Server\110\DTS\Binn\;c:\Program Files (x86)\Microsoft SQL Server\110\Tools\Binn\ManagementStudio\;c:\Program Files (x86)\Microsoft Visual Studio 10.0\Common7\IDE\PrivateAssemblies\;c:\Program Files (x86)\Microsoft SQL Server\110\DTS\Binn\;C:\Program Files\Git\cmd;C:\Program Files\nodejs\;C:\Program Files\Java\jre1.8.0_161\bin;C:\Program Files (x86)\Microsoft SQL Server\Client SDK\ODBC\110\Tools\Binn\;C:\Program Files (x86)\Microsoft SQL Server\120\Tools\Binn\;C:\Program Files (x86)\Microsoft SQL Server\120\DTS\Binn\;C:\Program Files (x86)\Microsoft SQL Server\120\Tools\Binn\ManagementStudio\;C:\Users\Ramiro\AppData\Local\Microsoft\WindowsApps;C:\Users\Ramiro\AppData\Roaming\npm;C:\Users\Ramiro\AppData\Local\Programs\Microsoft VS Code\bin;;C:\Program Files\BioStar 2(x64)\ve\dist\lib\bsve\dll;;C:\Spring5\sts-4.2.1.RELEASE;
USERNAME=Ramiro
OS=Windows_NT
PROCESSOR_IDENTIFIER=Intel64 Family 6 Model 60 Stepping 3, GenuineIntel



---------------  S Y S T E M  ---------------

OS: Windows 10.0 , 64 bit Build 17763 (10.0.17763.475)

CPU:total 8 (initial active 8) (4 cores per cpu, 2 threads per core) family 6 model 60 stepping 3, cmov, cx8, fxsr, mmx, sse, sse2, sse3, ssse3, sse4.1, sse4.2, popcnt, avx, avx2, aes, clmul, erms, lzcnt, ht, tsc, tscinvbit, bmi1, bmi2

Memory: 4k page, physical 8294544k(1212988k free), swap 12390544k(5332k free)

vm_info: Java HotSpot(TM) 64-Bit Server VM (25.191-b12) for windows-amd64 JRE (1.8.0_191-b12), built on Oct  6 2018 09:29:03 by "java_re" with MS VC++ 10.0 (VS2010)

time: Thu Jul 04 12:50:06 2019
elapsed time: 1 seconds (0d 0h 0m 1s)

